<html>
<head>
<title>TestNG:  Surefire test</title>
<link href="../testng.css" rel="stylesheet" type="text/css" />
<link href="../my-testng.css" rel="stylesheet" type="text/css" />

<style type="text/css">
.log { display: none;} 
.stack-trace { display: none;} 
</style>
<script type="text/javascript">
<!--
function flip(e) {
  current = e.style.display;
  if (current == 'block') {
    e.style.display = 'none';
    return 0;
  }
  else {
    e.style.display = 'block';
    return 1;
  }
}

function toggleBox(szDivId, elem, msg1, msg2)
{
  var res = -1;  if (document.getElementById) {
    res = flip(document.getElementById(szDivId));
  }
  else if (document.all) {
    // this is the way old msie versions work
    res = flip(document.all[szDivId]);
  }
  if(elem) {
    if(res == 0) elem.innerHTML = msg1; else elem.innerHTML = msg2;
  }

}

function toggleAllBoxes() {
  if (document.getElementsByTagName) {
    d = document.getElementsByTagName('div');
    for (i = 0; i < d.length; i++) {
      if (d[i].className == 'log') {
        flip(d[i]);
      }
    }
  }
}

// -->
</script>

</head>
<body>
<h2 align='center'>Surefire test</h2><table border='1' align="center">
<tr>
<td>Tests passed/Failed/Skipped:</td><td>6/9/0</td>
</tr><tr>
<td>Started on:</td><td>Sun Jun 16 10:23:33 PDT 2024</td>
</tr>
<tr><td>Total time:</td><td>284 seconds (284763 ms)</td>
</tr><tr>
<td>Included groups:</td><td></td>
</tr><tr>
<td>Excluded groups:</td><td></td>
</tr>
</table><p/>
<small><i>(Hover the method name to see the test class name)</i></small><p/>
<table width='100%' border='1' class='invocation-failed'>
<tr><td colspan='4' align='center'><b>FAILED TESTS</b></td></tr>
<tr><td><b>Test method</b></td>
<td><b>Attribute(s)</b></td>
<td width="30%"><b>Exception</b></td>
<td width="10%"><b>Time (seconds)</b></td>
<td><b>Instance</b></td>
</tr>
<tr>
<td title='cuccumbersOptions.TestNGRunner.runScenario()'><b>runScenario</b><br>Test class: cuccumbersOptions.TestNGRunner<br>Test method: Runs Cucumber Scenarios<br>Parameters: "admin approves a new user", "Account Creation and Approval"</td>
<td><div><pre>java.lang.AssertionError: expected [ernesto.king@yahoo.com] but found [louella.braun@gmail.com]
	at stepDefinitions.AccountCreationAndApprovalTest.Admin_clicks_on_New_Accounts_tab_and_approves_user(AccountCreationAndApprovalTest.java:186)
	at ✽.The admin clicks on the New Accounts tab and approves the first new user(file:///C:/Users/basha/Downloads/crypto-testing/src/test/java/features/AccountCreationAndApprovalTest.feature:15)
... Removed 6 stack frames</pre></div><a href='#' onClick='toggleBox("stack-trace1246962289", this, "Click to show all stack frames", "Click to hide stack frames")'>Click to show all stack frames</a>
<div class='stack-trace' id='stack-trace1246962289'><pre>java.lang.AssertionError: expected [ernesto.king@yahoo.com] but found [louella.braun@gmail.com]
	at org.testng.Assert.fail(Assert.java:111)
	at org.testng.Assert.failNotEquals(Assert.java:1578)
	at org.testng.Assert.assertEqualsImpl(Assert.java:150)
	at org.testng.Assert.assertEquals(Assert.java:132)
	at org.testng.Assert.assertEquals(Assert.java:656)
	at org.testng.Assert.assertEquals(Assert.java:666)
	at stepDefinitions.AccountCreationAndApprovalTest.Admin_clicks_on_New_Accounts_tab_and_approves_user(AccountCreationAndApprovalTest.java:186)
	at ✽.The admin clicks on the New Accounts tab and approves the first new user(file:///C:/Users/basha/Downloads/crypto-testing/src/test/java/features/AccountCreationAndApprovalTest.feature:15)
</pre></div></td>
<td>6</td>
<td>cuccumbersOptions.TestNGRunner@ae13544</td></tr>
<tr>
<td title='cuccumbersOptions.TestNGRunner.runScenario()'><b>runScenario</b><br>Test class: cuccumbersOptions.TestNGRunner<br>Test method: Runs Cucumber Scenarios<br>Parameters: "Admin approves a new user", "Sign Up"</td>
<td><div><pre>java.lang.AssertionError: expected [ike.cronin@gmail.com] but found [louella.braun@gmail.com]
	at stepDefinitions.SignUpTest.admin_approves_the_new_user(SignUpTest.java:178)
	at ✽.Admin approves the first new user(file:///C:/Users/basha/Downloads/crypto-testing/src/test/java/features/SignUpTest.feature:16)
... Removed 6 stack frames</pre></div><a href='#' onClick='toggleBox("stack-trace1240918178", this, "Click to show all stack frames", "Click to hide stack frames")'>Click to show all stack frames</a>
<div class='stack-trace' id='stack-trace1240918178'><pre>java.lang.AssertionError: expected [ike.cronin@gmail.com] but found [louella.braun@gmail.com]
	at org.testng.Assert.fail(Assert.java:111)
	at org.testng.Assert.failNotEquals(Assert.java:1578)
	at org.testng.Assert.assertEqualsImpl(Assert.java:150)
	at org.testng.Assert.assertEquals(Assert.java:132)
	at org.testng.Assert.assertEquals(Assert.java:656)
	at org.testng.Assert.assertEquals(Assert.java:666)
	at stepDefinitions.SignUpTest.admin_approves_the_new_user(SignUpTest.java:178)
	at ✽.Admin approves the first new user(file:///C:/Users/basha/Downloads/crypto-testing/src/test/java/features/SignUpTest.feature:16)
</pre></div></td>
<td>6</td>
<td>cuccumbersOptions.TestNGRunner@ae13544</td></tr>
<tr>
<td title='cuccumbersOptions.TestNGRunner.runScenario()'><b>runScenario</b><br>Test class: cuccumbersOptions.TestNGRunner<br>Test method: Runs Cucumber Scenarios<br>Parameters: "User tries to sign in with incorrect password", "Account Creation and Approval"</td>
<td><div><pre>org.openqa.selenium.TimeoutException: Expected condition failed: waiting for visibility of element located by By.cssSelector: body &gt; app-root &gt; app-layout &gt; div &gt; p-toast &gt; div &gt; p-toastitem &gt; div &gt; div &gt; div &gt; div.p-toast-detail.ng-tns-c53-7 (tried for 30 second(s) with 500 milliseconds interval)
Build info: version: &apos;4.21.0&apos;, revision: &apos;79ed462ef4&apos;
System info: os.name: &apos;Windows 11&apos;, os.arch: &apos;amd64&apos;, os.version: &apos;10.0&apos;, java.version: &apos;21.0.2&apos;
Driver info: org.openqa.selenium.chrome.ChromeDriver
Capabilities {acceptInsecureCerts: false, browserName: chrome, browserVersion: 125.0.6422.142, chrome: {chromedriverVersion: 125.0.6422.141 (4b1e8393712..., userDataDir: C:\Users\basha\AppData\Loca...}, fedcm:accounts: true, goog:chromeOptions: {debuggerAddress: localhost:61492}, networkConnectionEnabled: false, pageLoadStrategy: normal, platformName: windows, proxy: Proxy(), se:cdp: ws://localhost:61492/devtoo..., se:cdpVersion: 125.0.6422.142, setWindowRect: true, strictFileInteractability: false, timeouts: {implicit: 0, pageLoad: 300000, script: 30000}, unhandledPromptBehavior: dismiss and notify, webauthn:extension:credBlob: true, webauthn:extension:largeBlob: true, webauthn:extension:minPinLength: true, webauthn:extension:prf: true, webauthn:virtualAuthenticators: true}
Session ID: 0f670b176e4ed8cb35cc697ca5f4b620
	at org.openqa.selenium.support.ui.WebDriverWait.timeoutException(WebDriverWait.java:84)
	at org.openqa.selenium.support.ui.FluentWait.until(FluentWait.java:228)
	at stepDefinitions.AccountCreationAndApprovalTest.The_user_should_not_be_signed_and_presented_with_an_error_message(AccountCreationAndApprovalTest.java:249)
	at ✽.The user should not be signed in and presented with an error message(file:///C:/Users/basha/Downloads/crypto-testing/src/test/java/features/AccountCreationAndApprovalTest.feature:39)
</pre></div><a href='#' onClick='toggleBox("stack-trace904577501", this, "Click to show all stack frames", "Click to hide stack frames")'>Click to show all stack frames</a>
<div class='stack-trace' id='stack-trace904577501'><pre>org.openqa.selenium.TimeoutException: Expected condition failed: waiting for visibility of element located by By.cssSelector: body &gt; app-root &gt; app-layout &gt; div &gt; p-toast &gt; div &gt; p-toastitem &gt; div &gt; div &gt; div &gt; div.p-toast-detail.ng-tns-c53-7 (tried for 30 second(s) with 500 milliseconds interval)
Build info: version: &apos;4.21.0&apos;, revision: &apos;79ed462ef4&apos;
System info: os.name: &apos;Windows 11&apos;, os.arch: &apos;amd64&apos;, os.version: &apos;10.0&apos;, java.version: &apos;21.0.2&apos;
Driver info: org.openqa.selenium.chrome.ChromeDriver
Capabilities {acceptInsecureCerts: false, browserName: chrome, browserVersion: 125.0.6422.142, chrome: {chromedriverVersion: 125.0.6422.141 (4b1e8393712..., userDataDir: C:\Users\basha\AppData\Loca...}, fedcm:accounts: true, goog:chromeOptions: {debuggerAddress: localhost:61492}, networkConnectionEnabled: false, pageLoadStrategy: normal, platformName: windows, proxy: Proxy(), se:cdp: ws://localhost:61492/devtoo..., se:cdpVersion: 125.0.6422.142, setWindowRect: true, strictFileInteractability: false, timeouts: {implicit: 0, pageLoad: 300000, script: 30000}, unhandledPromptBehavior: dismiss and notify, webauthn:extension:credBlob: true, webauthn:extension:largeBlob: true, webauthn:extension:minPinLength: true, webauthn:extension:prf: true, webauthn:virtualAuthenticators: true}
Session ID: 0f670b176e4ed8cb35cc697ca5f4b620
	at org.openqa.selenium.support.ui.WebDriverWait.timeoutException(WebDriverWait.java:84)
	at org.openqa.selenium.support.ui.FluentWait.until(FluentWait.java:228)
	at stepDefinitions.AccountCreationAndApprovalTest.The_user_should_not_be_signed_and_presented_with_an_error_message(AccountCreationAndApprovalTest.java:249)
	at ✽.The user should not be signed in and presented with an error message(file:///C:/Users/basha/Downloads/crypto-testing/src/test/java/features/AccountCreationAndApprovalTest.feature:39)
</pre></div></td>
<td>35</td>
<td>cuccumbersOptions.TestNGRunner@ae13544</td></tr>
<tr>
<td title='cuccumbersOptions.TestNGRunner.runScenario()'><b>runScenario</b><br>Test class: cuccumbersOptions.TestNGRunner<br>Test method: Runs Cucumber Scenarios<br>Parameters: "Check that Edit Role of a user is working successfully", "Admin Panel"</td>
<td><div><pre>java.lang.AssertionError: expected [Error parsing JSON] but found [Role is edited successfully]
	at stepDefinitions.adminPanelSteps.i_should_see_a_success_message(adminPanelSteps.java:138)
	at ✽.I should see a success message &quot;Role is edited successfully&quot;(file:///C:/Users/basha/Downloads/crypto-testing/src/test/java/features/adminPanel.feature:8)
... Removed 6 stack frames</pre></div><a href='#' onClick='toggleBox("stack-trace1308378804", this, "Click to show all stack frames", "Click to hide stack frames")'>Click to show all stack frames</a>
<div class='stack-trace' id='stack-trace1308378804'><pre>java.lang.AssertionError: expected [Error parsing JSON] but found [Role is edited successfully]
	at org.testng.Assert.fail(Assert.java:111)
	at org.testng.Assert.failNotEquals(Assert.java:1578)
	at org.testng.Assert.assertEqualsImpl(Assert.java:150)
	at org.testng.Assert.assertEquals(Assert.java:132)
	at org.testng.Assert.assertEquals(Assert.java:656)
	at org.testng.Assert.assertEquals(Assert.java:666)
	at stepDefinitions.adminPanelSteps.i_should_see_a_success_message(adminPanelSteps.java:138)
	at ✽.I should see a success message &quot;Role is edited successfully&quot;(file:///C:/Users/basha/Downloads/crypto-testing/src/test/java/features/adminPanel.feature:8)
</pre></div></td>
<td>7</td>
<td>cuccumbersOptions.TestNGRunner@ae13544</td></tr>
<tr>
<td title='cuccumbersOptions.TestNGRunner.runScenario()'><b>runScenario</b><br>Test class: cuccumbersOptions.TestNGRunner<br>Test method: Runs Cucumber Scenarios<br>Parameters: "User wants to decrypt an uploaded file", "Role Managment Test"</td>
<td><div><pre>org.openqa.selenium.TimeoutException: Expected condition failed: waiting for element to be clickable: By.cssSelector: body &gt; app-root &gt; app-layout &gt; div &gt; app-encryption &gt; div &gt; div &gt; div &gt; div:nth-child(1) &gt; form &gt; div &gt; div.card-body &gt; div &gt; p-fileupload &gt; div &gt; div.p-fileupload-buttonbar &gt; span (tried for 30 second(s) with 500 milliseconds interval)
Build info: version: &apos;4.21.0&apos;, revision: &apos;79ed462ef4&apos;
System info: os.name: &apos;Windows 11&apos;, os.arch: &apos;amd64&apos;, os.version: &apos;10.0&apos;, java.version: &apos;21.0.2&apos;
Driver info: org.openqa.selenium.chrome.ChromeDriver
Capabilities {acceptInsecureCerts: false, browserName: chrome, browserVersion: 125.0.6422.142, chrome: {chromedriverVersion: 125.0.6422.141 (4b1e8393712..., userDataDir: C:\Users\basha\AppData\Loca...}, fedcm:accounts: true, goog:chromeOptions: {debuggerAddress: localhost:61883}, networkConnectionEnabled: false, pageLoadStrategy: normal, platformName: windows, proxy: Proxy(), se:cdp: ws://localhost:61883/devtoo..., se:cdpVersion: 125.0.6422.142, setWindowRect: true, strictFileInteractability: false, timeouts: {implicit: 0, pageLoad: 300000, script: 30000}, unhandledPromptBehavior: dismiss and notify, webauthn:extension:credBlob: true, webauthn:extension:largeBlob: true, webauthn:extension:minPinLength: true, webauthn:extension:prf: true, webauthn:virtualAuthenticators: true}
Session ID: e0631b6a99abf8d4a0b24ab9b6a78d74
	at org.openqa.selenium.support.ui.WebDriverWait.timeoutException(WebDriverWait.java:84)
	at org.openqa.selenium.support.ui.FluentWait.until(FluentWait.java:228)
	at stepDefinitions.FileEncryptionAndDecryptionTest.user_selects_a_file_to_upload(FileEncryptionAndDecryptionTest.java:100)
	at ✽.The user cliks on Choose File button and selects a files to upload(file:///C:/Users/basha/Downloads/crypto-testing/src/test/java/features/FileEncryptionAndDecryptionTest.feature:17)
</pre></div><a href='#' onClick='toggleBox("stack-trace295349235", this, "Click to show all stack frames", "Click to hide stack frames")'>Click to show all stack frames</a>
<div class='stack-trace' id='stack-trace295349235'><pre>org.openqa.selenium.TimeoutException: Expected condition failed: waiting for element to be clickable: By.cssSelector: body &gt; app-root &gt; app-layout &gt; div &gt; app-encryption &gt; div &gt; div &gt; div &gt; div:nth-child(1) &gt; form &gt; div &gt; div.card-body &gt; div &gt; p-fileupload &gt; div &gt; div.p-fileupload-buttonbar &gt; span (tried for 30 second(s) with 500 milliseconds interval)
Build info: version: &apos;4.21.0&apos;, revision: &apos;79ed462ef4&apos;
System info: os.name: &apos;Windows 11&apos;, os.arch: &apos;amd64&apos;, os.version: &apos;10.0&apos;, java.version: &apos;21.0.2&apos;
Driver info: org.openqa.selenium.chrome.ChromeDriver
Capabilities {acceptInsecureCerts: false, browserName: chrome, browserVersion: 125.0.6422.142, chrome: {chromedriverVersion: 125.0.6422.141 (4b1e8393712..., userDataDir: C:\Users\basha\AppData\Loca...}, fedcm:accounts: true, goog:chromeOptions: {debuggerAddress: localhost:61883}, networkConnectionEnabled: false, pageLoadStrategy: normal, platformName: windows, proxy: Proxy(), se:cdp: ws://localhost:61883/devtoo..., se:cdpVersion: 125.0.6422.142, setWindowRect: true, strictFileInteractability: false, timeouts: {implicit: 0, pageLoad: 300000, script: 30000}, unhandledPromptBehavior: dismiss and notify, webauthn:extension:credBlob: true, webauthn:extension:largeBlob: true, webauthn:extension:minPinLength: true, webauthn:extension:prf: true, webauthn:virtualAuthenticators: true}
Session ID: e0631b6a99abf8d4a0b24ab9b6a78d74
	at org.openqa.selenium.support.ui.WebDriverWait.timeoutException(WebDriverWait.java:84)
	at org.openqa.selenium.support.ui.FluentWait.until(FluentWait.java:228)
	at stepDefinitions.FileEncryptionAndDecryptionTest.user_selects_a_file_to_upload(FileEncryptionAndDecryptionTest.java:100)
	at ✽.The user cliks on Choose File button and selects a files to upload(file:///C:/Users/basha/Downloads/crypto-testing/src/test/java/features/FileEncryptionAndDecryptionTest.feature:17)
</pre></div></td>
<td>42</td>
<td>cuccumbersOptions.TestNGRunner@ae13544</td></tr>
<tr>
<td title='cuccumbersOptions.TestNGRunner.runScenario()'><b>runScenario</b><br>Test class: cuccumbersOptions.TestNGRunner<br>Test method: Runs Cucumber Scenarios<br>Parameters: "Admin uploads a files to the app for saving", "File Visibility (Admin)"</td>
<td><div><pre>org.openqa.selenium.ElementNotInteractableException: element not interactable
  (Session info: chrome=125.0.6422.142)
Build info: version: &apos;4.21.0&apos;, revision: &apos;79ed462ef4&apos;
System info: os.name: &apos;Windows 11&apos;, os.arch: &apos;amd64&apos;, os.version: &apos;10.0&apos;, java.version: &apos;21.0.2&apos;
Driver info: org.openqa.selenium.chrome.ChromeDriver
Command: [bafaf085bb2eee9aac7a2c05359a6f7b, sendKeysToElement {value=[Ljava.lang.CharSequence;@12223aed, id=f.73AF8CC2672B8431499F3DCF62B21606.d.D13B06025EE528C88D3A0688E84C796E.e.76}]
Capabilities {acceptInsecureCerts: false, browserName: chrome, browserVersion: 125.0.6422.142, chrome: {chromedriverVersion: 125.0.6422.141 (4b1e8393712..., userDataDir: C:\Users\basha\AppData\Loca...}, fedcm:accounts: true, goog:chromeOptions: {debuggerAddress: localhost:62085}, networkConnectionEnabled: false, pageLoadStrategy: normal, platformName: windows, proxy: Proxy(), se:cdp: ws://localhost:62085/devtoo..., se:cdpVersion: 125.0.6422.142, setWindowRect: true, strictFileInteractability: false, timeouts: {implicit: 0, pageLoad: 300000, script: 30000}, unhandledPromptBehavior: dismiss and notify, webauthn:extension:credBlob: true, webauthn:extension:largeBlob: true, webauthn:extension:minPinLength: true, webauthn:extension:prf: true, webauthn:virtualAuthenticators: true}
Element: [[ChromeDriver: chrome on windows (bafaf085bb2eee9aac7a2c05359a6f7b)] -&gt; xpath: /html/body/app-root/app-layout/div/app-admin-layout/div/div/div[2]/div/div[3]/app-resources/div[1]/div/div/p-fileupload/div/div[1]/span/span[2]]
Session ID: bafaf085bb2eee9aac7a2c05359a6f7b
	at org.openqa.selenium.remote.ErrorCodec.decode(ErrorCodec.java:167)
	at org.openqa.selenium.remote.codec.w3c.W3CHttpResponseCodec.decode(W3CHttpResponseCodec.java:138)
	at org.openqa.selenium.remote.codec.w3c.W3CHttpResponseCodec.decode(W3CHttpResponseCodec.java:50)
	at org.openqa.selenium.remote.HttpCommandExecutor.execute(HttpCommandExecutor.java:190)
	at org.openqa.selenium.remote.service.DriverCommandExecutor.invokeExecute(DriverCommandExecutor.java:216)
	at org.openqa.selenium.remote.service.DriverCommandExecutor.execute(DriverCommandExecutor.java:174)
	at org.openqa.selenium.remote.RemoteWebDriver.execute(RemoteWebDriver.java:518)
	at org.openqa.selenium.remote.RemoteWebElement.execute(RemoteWebElement.java:223)
	at org.openqa.selenium.remote.RemoteWebElement.sendKeys(RemoteWebElement.java:110)
	at stepDefinitions.FileVisibilityTest.The_admin_clicks_on_the_Choose_button_to_select_a_file_for_upload(FileVisibilityTest.java:109)
	at ✽.The admin clicks on the Choose button to select a file for upload(file:///C:/Users/basha/Downloads/crypto-testing/src/test/java/features/FileVisibilityTest.feature:9)
... Removed 3 stack frames</pre></div><a href='#' onClick='toggleBox("stack-trace96577320", this, "Click to show all stack frames", "Click to hide stack frames")'>Click to show all stack frames</a>
<div class='stack-trace' id='stack-trace96577320'><pre>org.openqa.selenium.ElementNotInteractableException: element not interactable
  (Session info: chrome=125.0.6422.142)
Build info: version: &apos;4.21.0&apos;, revision: &apos;79ed462ef4&apos;
System info: os.name: &apos;Windows 11&apos;, os.arch: &apos;amd64&apos;, os.version: &apos;10.0&apos;, java.version: &apos;21.0.2&apos;
Driver info: org.openqa.selenium.chrome.ChromeDriver
Command: [bafaf085bb2eee9aac7a2c05359a6f7b, sendKeysToElement {value=[Ljava.lang.CharSequence;@12223aed, id=f.73AF8CC2672B8431499F3DCF62B21606.d.D13B06025EE528C88D3A0688E84C796E.e.76}]
Capabilities {acceptInsecureCerts: false, browserName: chrome, browserVersion: 125.0.6422.142, chrome: {chromedriverVersion: 125.0.6422.141 (4b1e8393712..., userDataDir: C:\Users\basha\AppData\Loca...}, fedcm:accounts: true, goog:chromeOptions: {debuggerAddress: localhost:62085}, networkConnectionEnabled: false, pageLoadStrategy: normal, platformName: windows, proxy: Proxy(), se:cdp: ws://localhost:62085/devtoo..., se:cdpVersion: 125.0.6422.142, setWindowRect: true, strictFileInteractability: false, timeouts: {implicit: 0, pageLoad: 300000, script: 30000}, unhandledPromptBehavior: dismiss and notify, webauthn:extension:credBlob: true, webauthn:extension:largeBlob: true, webauthn:extension:minPinLength: true, webauthn:extension:prf: true, webauthn:virtualAuthenticators: true}
Element: [[ChromeDriver: chrome on windows (bafaf085bb2eee9aac7a2c05359a6f7b)] -&gt; xpath: /html/body/app-root/app-layout/div/app-admin-layout/div/div/div[2]/div/div[3]/app-resources/div[1]/div/div/p-fileupload/div/div[1]/span/span[2]]
Session ID: bafaf085bb2eee9aac7a2c05359a6f7b
	at java.base/jdk.internal.reflect.DirectConstructorHandleAccessor.newInstance(DirectConstructorHandleAccessor.java:62)
	at java.base/java.lang.reflect.Constructor.newInstanceWithCaller(Constructor.java:502)
	at java.base/java.lang.reflect.Constructor.newInstance(Constructor.java:486)
	at org.openqa.selenium.remote.ErrorCodec.decode(ErrorCodec.java:167)
	at org.openqa.selenium.remote.codec.w3c.W3CHttpResponseCodec.decode(W3CHttpResponseCodec.java:138)
	at org.openqa.selenium.remote.codec.w3c.W3CHttpResponseCodec.decode(W3CHttpResponseCodec.java:50)
	at org.openqa.selenium.remote.HttpCommandExecutor.execute(HttpCommandExecutor.java:190)
	at org.openqa.selenium.remote.service.DriverCommandExecutor.invokeExecute(DriverCommandExecutor.java:216)
	at org.openqa.selenium.remote.service.DriverCommandExecutor.execute(DriverCommandExecutor.java:174)
	at org.openqa.selenium.remote.RemoteWebDriver.execute(RemoteWebDriver.java:518)
	at org.openqa.selenium.remote.RemoteWebElement.execute(RemoteWebElement.java:223)
	at org.openqa.selenium.remote.RemoteWebElement.sendKeys(RemoteWebElement.java:110)
	at stepDefinitions.FileVisibilityTest.The_admin_clicks_on_the_Choose_button_to_select_a_file_for_upload(FileVisibilityTest.java:109)
	at ✽.The admin clicks on the Choose button to select a file for upload(file:///C:/Users/basha/Downloads/crypto-testing/src/test/java/features/FileVisibilityTest.feature:9)
</pre></div></td>
<td>5</td>
<td>cuccumbersOptions.TestNGRunner@ae13544</td></tr>
<tr>
<td title='cuccumbersOptions.TestNGRunner.runScenario()'><b>runScenario</b><br>Test class: cuccumbersOptions.TestNGRunner<br>Test method: Runs Cucumber Scenarios<br>Parameters: "Admin checks if the uploaded file is visible to users", "File Visibility (Admin)"</td>
<td><div><pre>org.openqa.selenium.TimeoutException: Expected condition failed: waiting for element to be clickable: By.xpath: /html/body/app-root/app-layout/app-header/header/nav/div/div/div/ul/li/a (tried for 30 second(s) with 500 milliseconds interval)
Build info: version: &apos;4.21.0&apos;, revision: &apos;79ed462ef4&apos;
System info: os.name: &apos;Windows 11&apos;, os.arch: &apos;amd64&apos;, os.version: &apos;10.0&apos;, java.version: &apos;21.0.2&apos;
Driver info: org.openqa.selenium.chrome.ChromeDriver
Capabilities {acceptInsecureCerts: false, browserName: chrome, browserVersion: 125.0.6422.142, chrome: {chromedriverVersion: 125.0.6422.141 (4b1e8393712..., userDataDir: C:\Users\basha\AppData\Loca...}, fedcm:accounts: true, goog:chromeOptions: {debuggerAddress: localhost:62203}, networkConnectionEnabled: false, pageLoadStrategy: normal, platformName: windows, proxy: Proxy(), se:cdp: ws://localhost:62203/devtoo..., se:cdpVersion: 125.0.6422.142, setWindowRect: true, strictFileInteractability: false, timeouts: {implicit: 0, pageLoad: 300000, script: 30000}, unhandledPromptBehavior: dismiss and notify, webauthn:extension:credBlob: true, webauthn:extension:largeBlob: true, webauthn:extension:minPinLength: true, webauthn:extension:prf: true, webauthn:virtualAuthenticators: true}
Session ID: 64d518ea4137855fe0e82cc665a2c053
	at org.openqa.selenium.support.ui.WebDriverWait.timeoutException(WebDriverWait.java:84)
	at org.openqa.selenium.support.ui.FluentWait.until(FluentWait.java:228)
	at stepDefinitions.FileVisibilityTest.The_admin_clicks_on_the_username_option_and_accesses_My_Profile_page(FileVisibilityTest.java:149)
	at ✽.The admin clicks on the username option and accesses My Profile page(file:///C:/Users/basha/Downloads/crypto-testing/src/test/java/features/FileVisibilityTest.feature:17)
</pre></div><a href='#' onClick='toggleBox("stack-trace603158857", this, "Click to show all stack frames", "Click to hide stack frames")'>Click to show all stack frames</a>
<div class='stack-trace' id='stack-trace603158857'><pre>org.openqa.selenium.TimeoutException: Expected condition failed: waiting for element to be clickable: By.xpath: /html/body/app-root/app-layout/app-header/header/nav/div/div/div/ul/li/a (tried for 30 second(s) with 500 milliseconds interval)
Build info: version: &apos;4.21.0&apos;, revision: &apos;79ed462ef4&apos;
System info: os.name: &apos;Windows 11&apos;, os.arch: &apos;amd64&apos;, os.version: &apos;10.0&apos;, java.version: &apos;21.0.2&apos;
Driver info: org.openqa.selenium.chrome.ChromeDriver
Capabilities {acceptInsecureCerts: false, browserName: chrome, browserVersion: 125.0.6422.142, chrome: {chromedriverVersion: 125.0.6422.141 (4b1e8393712..., userDataDir: C:\Users\basha\AppData\Loca...}, fedcm:accounts: true, goog:chromeOptions: {debuggerAddress: localhost:62203}, networkConnectionEnabled: false, pageLoadStrategy: normal, platformName: windows, proxy: Proxy(), se:cdp: ws://localhost:62203/devtoo..., se:cdpVersion: 125.0.6422.142, setWindowRect: true, strictFileInteractability: false, timeouts: {implicit: 0, pageLoad: 300000, script: 30000}, unhandledPromptBehavior: dismiss and notify, webauthn:extension:credBlob: true, webauthn:extension:largeBlob: true, webauthn:extension:minPinLength: true, webauthn:extension:prf: true, webauthn:virtualAuthenticators: true}
Session ID: 64d518ea4137855fe0e82cc665a2c053
	at org.openqa.selenium.support.ui.WebDriverWait.timeoutException(WebDriverWait.java:84)
	at org.openqa.selenium.support.ui.FluentWait.until(FluentWait.java:228)
	at stepDefinitions.FileVisibilityTest.The_admin_clicks_on_the_username_option_and_accesses_My_Profile_page(FileVisibilityTest.java:149)
	at ✽.The admin clicks on the username option and accesses My Profile page(file:///C:/Users/basha/Downloads/crypto-testing/src/test/java/features/FileVisibilityTest.feature:17)
</pre></div></td>
<td>35</td>
<td>cuccumbersOptions.TestNGRunner@ae13544</td></tr>
<tr>
<td title='cuccumbersOptions.TestNGRunner.runScenario()'><b>runScenario</b><br>Test class: cuccumbersOptions.TestNGRunner<br>Test method: Runs Cucumber Scenarios<br>Parameters: "User tries to sign in with incorrect email address", "Account Creation and Approval"</td>
<td><div><pre>org.openqa.selenium.TimeoutException: Expected condition failed: waiting for visibility of element located by By.cssSelector: body &gt; app-root &gt; app-layout &gt; div &gt; p-toast &gt; div &gt; p-toastitem &gt; div &gt; div &gt; div &gt; div.p-toast-detail.ng-tns-c53-7 (tried for 30 second(s) with 500 milliseconds interval)
Build info: version: &apos;4.21.0&apos;, revision: &apos;79ed462ef4&apos;
System info: os.name: &apos;Windows 11&apos;, os.arch: &apos;amd64&apos;, os.version: &apos;10.0&apos;, java.version: &apos;21.0.2&apos;
Driver info: org.openqa.selenium.chrome.ChromeDriver
Capabilities {acceptInsecureCerts: false, browserName: chrome, browserVersion: 125.0.6422.142, chrome: {chromedriverVersion: 125.0.6422.141 (4b1e8393712..., userDataDir: C:\Users\basha\AppData\Loca...}, fedcm:accounts: true, goog:chromeOptions: {debuggerAddress: localhost:61315}, networkConnectionEnabled: false, pageLoadStrategy: normal, platformName: windows, proxy: Proxy(), se:cdp: ws://localhost:61315/devtoo..., se:cdpVersion: 125.0.6422.142, setWindowRect: true, strictFileInteractability: false, timeouts: {implicit: 0, pageLoad: 300000, script: 30000}, unhandledPromptBehavior: dismiss and notify, webauthn:extension:credBlob: true, webauthn:extension:largeBlob: true, webauthn:extension:minPinLength: true, webauthn:extension:prf: true, webauthn:virtualAuthenticators: true}
Session ID: e8376e38686f2bc8349424a9dce34016
	at org.openqa.selenium.support.ui.WebDriverWait.timeoutException(WebDriverWait.java:84)
	at org.openqa.selenium.support.ui.FluentWait.until(FluentWait.java:228)
	at stepDefinitions.AccountCreationAndApprovalTest.The_user_should_not_be_signed_and_presented_with_an_error_message(AccountCreationAndApprovalTest.java:249)
	at ✽.The user should not be signed in and presented with an error message(file:///C:/Users/basha/Downloads/crypto-testing/src/test/java/features/AccountCreationAndApprovalTest.feature:33)
</pre></div><a href='#' onClick='toggleBox("stack-trace446829337", this, "Click to show all stack frames", "Click to hide stack frames")'>Click to show all stack frames</a>
<div class='stack-trace' id='stack-trace446829337'><pre>org.openqa.selenium.TimeoutException: Expected condition failed: waiting for visibility of element located by By.cssSelector: body &gt; app-root &gt; app-layout &gt; div &gt; p-toast &gt; div &gt; p-toastitem &gt; div &gt; div &gt; div &gt; div.p-toast-detail.ng-tns-c53-7 (tried for 30 second(s) with 500 milliseconds interval)
Build info: version: &apos;4.21.0&apos;, revision: &apos;79ed462ef4&apos;
System info: os.name: &apos;Windows 11&apos;, os.arch: &apos;amd64&apos;, os.version: &apos;10.0&apos;, java.version: &apos;21.0.2&apos;
Driver info: org.openqa.selenium.chrome.ChromeDriver
Capabilities {acceptInsecureCerts: false, browserName: chrome, browserVersion: 125.0.6422.142, chrome: {chromedriverVersion: 125.0.6422.141 (4b1e8393712..., userDataDir: C:\Users\basha\AppData\Loca...}, fedcm:accounts: true, goog:chromeOptions: {debuggerAddress: localhost:61315}, networkConnectionEnabled: false, pageLoadStrategy: normal, platformName: windows, proxy: Proxy(), se:cdp: ws://localhost:61315/devtoo..., se:cdpVersion: 125.0.6422.142, setWindowRect: true, strictFileInteractability: false, timeouts: {implicit: 0, pageLoad: 300000, script: 30000}, unhandledPromptBehavior: dismiss and notify, webauthn:extension:credBlob: true, webauthn:extension:largeBlob: true, webauthn:extension:minPinLength: true, webauthn:extension:prf: true, webauthn:virtualAuthenticators: true}
Session ID: e8376e38686f2bc8349424a9dce34016
	at org.openqa.selenium.support.ui.WebDriverWait.timeoutException(WebDriverWait.java:84)
	at org.openqa.selenium.support.ui.FluentWait.until(FluentWait.java:228)
	at stepDefinitions.AccountCreationAndApprovalTest.The_user_should_not_be_signed_and_presented_with_an_error_message(AccountCreationAndApprovalTest.java:249)
	at ✽.The user should not be signed in and presented with an error message(file:///C:/Users/basha/Downloads/crypto-testing/src/test/java/features/AccountCreationAndApprovalTest.feature:33)
</pre></div></td>
<td>35</td>
<td>cuccumbersOptions.TestNGRunner@ae13544</td></tr>
<tr>
<td title='cuccumbersOptions.TestNGRunner.runScenario()'><b>runScenario</b><br>Test class: cuccumbersOptions.TestNGRunner<br>Test method: Runs Cucumber Scenarios<br>Parameters: "User wants to encrypt an uploaded file", "Role Managment Test"</td>
<td><div><pre>org.openqa.selenium.TimeoutException: Expected condition failed: waiting for element to be clickable: By.cssSelector: body &gt; app-root &gt; app-layout &gt; div &gt; app-encryption &gt; div &gt; div &gt; div &gt; div:nth-child(1) &gt; form &gt; div &gt; div.card-body &gt; div &gt; p-fileupload &gt; div &gt; div.p-fileupload-buttonbar &gt; span (tried for 30 second(s) with 500 milliseconds interval)
Build info: version: &apos;4.21.0&apos;, revision: &apos;79ed462ef4&apos;
System info: os.name: &apos;Windows 11&apos;, os.arch: &apos;amd64&apos;, os.version: &apos;10.0&apos;, java.version: &apos;21.0.2&apos;
Driver info: org.openqa.selenium.chrome.ChromeDriver
Capabilities {acceptInsecureCerts: false, browserName: chrome, browserVersion: 125.0.6422.142, chrome: {chromedriverVersion: 125.0.6422.141 (4b1e8393712..., userDataDir: C:\Users\basha\AppData\Loca...}, fedcm:accounts: true, goog:chromeOptions: {debuggerAddress: localhost:61703}, networkConnectionEnabled: false, pageLoadStrategy: normal, platformName: windows, proxy: Proxy(), se:cdp: ws://localhost:61703/devtoo..., se:cdpVersion: 125.0.6422.142, setWindowRect: true, strictFileInteractability: false, timeouts: {implicit: 0, pageLoad: 300000, script: 30000}, unhandledPromptBehavior: dismiss and notify, webauthn:extension:credBlob: true, webauthn:extension:largeBlob: true, webauthn:extension:minPinLength: true, webauthn:extension:prf: true, webauthn:virtualAuthenticators: true}
Session ID: 77581335475f64a59baa7691c848cf78
	at org.openqa.selenium.support.ui.WebDriverWait.timeoutException(WebDriverWait.java:84)
	at org.openqa.selenium.support.ui.FluentWait.until(FluentWait.java:228)
	at stepDefinitions.FileEncryptionAndDecryptionTest.user_selects_a_file_to_upload(FileEncryptionAndDecryptionTest.java:100)
	at ✽.The user cliks on Choose File button and selects a files to upload(file:///C:/Users/basha/Downloads/crypto-testing/src/test/java/features/FileEncryptionAndDecryptionTest.feature:8)
</pre></div><a href='#' onClick='toggleBox("stack-trace201630154", this, "Click to show all stack frames", "Click to hide stack frames")'>Click to show all stack frames</a>
<div class='stack-trace' id='stack-trace201630154'><pre>org.openqa.selenium.TimeoutException: Expected condition failed: waiting for element to be clickable: By.cssSelector: body &gt; app-root &gt; app-layout &gt; div &gt; app-encryption &gt; div &gt; div &gt; div &gt; div:nth-child(1) &gt; form &gt; div &gt; div.card-body &gt; div &gt; p-fileupload &gt; div &gt; div.p-fileupload-buttonbar &gt; span (tried for 30 second(s) with 500 milliseconds interval)
Build info: version: &apos;4.21.0&apos;, revision: &apos;79ed462ef4&apos;
System info: os.name: &apos;Windows 11&apos;, os.arch: &apos;amd64&apos;, os.version: &apos;10.0&apos;, java.version: &apos;21.0.2&apos;
Driver info: org.openqa.selenium.chrome.ChromeDriver
Capabilities {acceptInsecureCerts: false, browserName: chrome, browserVersion: 125.0.6422.142, chrome: {chromedriverVersion: 125.0.6422.141 (4b1e8393712..., userDataDir: C:\Users\basha\AppData\Loca...}, fedcm:accounts: true, goog:chromeOptions: {debuggerAddress: localhost:61703}, networkConnectionEnabled: false, pageLoadStrategy: normal, platformName: windows, proxy: Proxy(), se:cdp: ws://localhost:61703/devtoo..., se:cdpVersion: 125.0.6422.142, setWindowRect: true, strictFileInteractability: false, timeouts: {implicit: 0, pageLoad: 300000, script: 30000}, unhandledPromptBehavior: dismiss and notify, webauthn:extension:credBlob: true, webauthn:extension:largeBlob: true, webauthn:extension:minPinLength: true, webauthn:extension:prf: true, webauthn:virtualAuthenticators: true}
Session ID: 77581335475f64a59baa7691c848cf78
	at org.openqa.selenium.support.ui.WebDriverWait.timeoutException(WebDriverWait.java:84)
	at org.openqa.selenium.support.ui.FluentWait.until(FluentWait.java:228)
	at stepDefinitions.FileEncryptionAndDecryptionTest.user_selects_a_file_to_upload(FileEncryptionAndDecryptionTest.java:100)
	at ✽.The user cliks on Choose File button and selects a files to upload(file:///C:/Users/basha/Downloads/crypto-testing/src/test/java/features/FileEncryptionAndDecryptionTest.feature:8)
</pre></div></td>
<td>42</td>
<td>cuccumbersOptions.TestNGRunner@ae13544</td></tr>
</table><p>
<table width='100%' border='1' class='invocation-passed'>
<tr><td colspan='4' align='center'><b>PASSED TESTS</b></td></tr>
<tr><td><b>Test method</b></td>
<td><b>Attribute(s)</b></td>
<td width="30%"><b>Exception</b></td>
<td width="10%"><b>Time (seconds)</b></td>
<td><b>Instance</b></td>
</tr>
<tr>
<td title='cuccumbersOptions.TestNGRunner.runScenario()'><b>runScenario</b><br>Test class: cuccumbersOptions.TestNGRunner<br>Test method: Runs Cucumber Scenarios<br>Parameters: "A new user tries to register for a new account", "Account Creation and Approval"</td>
<td></td>
<td>6</td>
<td>cuccumbersOptions.TestNGRunner@ae13544</td></tr>
<tr>
<td title='cuccumbersOptions.TestNGRunner.runScenario()'><b>runScenario</b><br>Test class: cuccumbersOptions.TestNGRunner<br>Test method: Runs Cucumber Scenarios<br>Parameters: "User changes the role of another registered user", "Role Managment Test"</td>
<td></td>
<td>35</td>
<td>cuccumbersOptions.TestNGRunner@ae13544</td></tr>
<tr>
<td title='cuccumbersOptions.TestNGRunner.runScenario()'><b>runScenario</b><br>Test class: cuccumbersOptions.TestNGRunner<br>Test method: Runs Cucumber Scenarios<br>Parameters: "User tries to sign", "Account Creation and Approval"</td>
<td></td>
<td>5</td>
<td>cuccumbersOptions.TestNGRunner@ae13544</td></tr>
<tr>
<td title='cuccumbersOptions.TestNGRunner.runScenario()'><b>runScenario</b><br>Test class: cuccumbersOptions.TestNGRunner<br>Test method: Runs Cucumber Scenarios<br>Parameters: "Admin changes the role of a registered user", "Role Managment Test"</td>
<td></td>
<td>6</td>
<td>cuccumbersOptions.TestNGRunner@ae13544</td></tr>
<tr>
<td title='cuccumbersOptions.TestNGRunner.runScenario()'><b>runScenario</b><br>Test class: cuccumbersOptions.TestNGRunner<br>Test method: Runs Cucumber Scenarios<br>Parameters: "admin tries to sign in", "Account Creation and Approval"</td>
<td></td>
<td>5</td>
<td>cuccumbersOptions.TestNGRunner@ae13544</td></tr>
<tr>
<td title='cuccumbersOptions.TestNGRunner.runScenario()'><b>runScenario</b><br>Test class: cuccumbersOptions.TestNGRunner<br>Test method: Runs Cucumber Scenarios<br>Parameters: "Check that Sign Up Scenario works successfully", "Sign Up"</td>
<td></td>
<td>5</td>
<td>cuccumbersOptions.TestNGRunner@ae13544</td></tr>
</table><p>
</body>
</html>