<!DOCTYPE html>

<html>
  <head>
  <meta charset='utf-8'>
  <title>TestNG reports</title>

    <link type="text/css" href="testng-reports1.css" rel="stylesheet" id="ultra" />
    <link type="text/css" href="testng-reports.css" rel="stylesheet" id="retro" disabled="false"/>
    <script type="text/javascript" src="jquery-3.6.0.min.js"></script>
    <script type="text/javascript" src="testng-reports.js"></script>
    <script type="text/javascript" src="https://www.google.com/jsapi"></script>
    <script type='text/javascript'>
      google.load('visualization', '1', {packages:['table']});
      google.setOnLoadCallback(drawTable);
      var suiteTableInitFunctions = new Array();
      var suiteTableData = new Array();
    </script>
    <!--
      <script type="text/javascript" src="jquery-ui/js/jquery-ui-1.8.16.custom.min.js"></script>
     -->
  </head>

  <body>    <div class="top-banner-root">
      <span class="top-banner-title-font">Test results</span>
      <button id="button" class="button">Switch Retro Theme</button> <!-- button -->
      <br/>
      <span class="top-banner-font-1">1 suite, 11 failed tests</span>
    </div> <!-- top-banner-root -->
    <div class="navigator-root">
      <div class="navigator-suite-header">
        <span>All suites</span>
        <a href="#" title="Collapse/expand all the suites" class="collapse-all-link">
          <img src="collapseall.gif" class="collapse-all-icon">
          </img> <!-- collapse-all-icon -->
        </a> <!-- collapse-all-link -->
      </div> <!-- navigator-suite-header -->
      <div class="suite">
        <div class="rounded-window">
          <div class="suite-header light-rounded-window-top">
            <a href="#" panel-name="suite-Surefire_suite" class="navigator-link">
              <span class="suite-name border-failed">Surefire suite</span>
            </a> <!-- navigator-link -->
          </div> <!-- suite-header light-rounded-window-top -->
          <div class="navigator-suite-content">
            <div class="suite-section-title">
              <span>Info</span>
            </div> <!-- suite-section-title -->
            <div class="suite-section-content">
              <ul>
                <li>
                  <a href="#" panel-name="test-xml-Surefire_suite" class="navigator-link ">
                    <span>[unset file name]</span>
                  </a> <!-- navigator-link  -->
                </li>
                <li>
                  <a href="#" panel-name="testlist-Surefire_suite" class="navigator-link ">
                    <span class="test-stats">1 test</span>
                  </a> <!-- navigator-link  -->
                </li>
                <li>
                  <a href="#" panel-name="group-Surefire_suite" class="navigator-link ">
                    <span>1 group</span>
                  </a> <!-- navigator-link  -->
                </li>
                <li>
                  <a href="#" panel-name="times-Surefire_suite" class="navigator-link ">
                    <span>Times</span>
                  </a> <!-- navigator-link  -->
                </li>
                <li>
                  <a href="#" panel-name="reporter-Surefire_suite" class="navigator-link ">
                    <span>Reporter output</span>
                  </a> <!-- navigator-link  -->
                </li>
                <li>
                  <a href="#" panel-name="ignored-methods-Surefire_suite" class="navigator-link ">
                    <span>Ignored methods</span>
                  </a> <!-- navigator-link  -->
                </li>
                <li>
                  <a href="#" panel-name="chronological-Surefire_suite" class="navigator-link ">
                    <span>Chronological view</span>
                  </a> <!-- navigator-link  -->
                </li>
              </ul>
            </div> <!-- suite-section-content -->
            <div class="result-section">
              <div class="suite-section-title">
                <span>Results</span>
              </div> <!-- suite-section-title -->
              <div class="suite-section-content">
                <ul>
                  <li>
                    <span class="method-stats">13 methods, 11 failed,   2 passed</span>
                  </li>
                  <li>
                    <span class="method-list-title failed">Failed methods</span>
                    <span class="show-or-hide-methods failed">
                      <a href="#" panel-name="suite-Surefire_suite" class="hide-methods failed suite-Surefire_suite"> (hide)</a> <!-- hide-methods failed suite-Surefire_suite -->
                      <a href="#" panel-name="suite-Surefire_suite" class="show-methods failed suite-Surefire_suite"> (show)</a> <!-- show-methods failed suite-Surefire_suite -->
                    </span>
                    <div class="method-list-content failed suite-Surefire_suite">
                      <span>
                        <img src="failed.png" width="3%"/>
                        <a href="#" panel-name="suite-Surefire_suite" title="cuccumbersOptions.TestNGRunner" class="method navigator-link" hash-for-method="runScenario(&quot;User wants to decrypt an uploaded file&quot;, &quot;Role Managment Test&quot;)">runScenario("User wants to decrypt an uploaded file", "Role Managment Test")</a> <!-- method navigator-link -->
                      </span>
                      <br/>
                      <span>
                        <img src="failed.png" width="3%"/>
                        <a href="#" panel-name="suite-Surefire_suite" title="cuccumbersOptions.TestNGRunner" class="method navigator-link" hash-for-method="runScenario(&quot;User changes the role of another registered user&quot;, &quot;Role Managment Test&quot;)">runScenario("User changes the role of another registered user", "Role Managment Test")</a> <!-- method navigator-link -->
                      </span>
                      <br/>
                      <span>
                        <img src="failed.png" width="3%"/>
                        <a href="#" panel-name="suite-Surefire_suite" title="cuccumbersOptions.TestNGRunner" class="method navigator-link" hash-for-method="runScenario(&quot;Admin approves a new user&quot;, &quot;Sign Up&quot;)">runScenario("Admin approves a new user", "Sign Up")</a> <!-- method navigator-link -->
                      </span>
                      <br/>
                      <span>
                        <img src="failed.png" width="3%"/>
                        <a href="#" panel-name="suite-Surefire_suite" title="cuccumbersOptions.TestNGRunner" class="method navigator-link" hash-for-method="runScenario(&quot;admin approves a new user&quot;, &quot;Account Creation and Approval&quot;)">runScenario("admin approves a new user", "Account Creation and Approval")</a> <!-- method navigator-link -->
                      </span>
                      <br/>
                      <span>
                        <img src="failed.png" width="3%"/>
                        <a href="#" panel-name="suite-Surefire_suite" title="cuccumbersOptions.TestNGRunner" class="method navigator-link" hash-for-method="runScenario(&quot;admin tries to sign in&quot;, &quot;Account Creation and Approval&quot;)">runScenario("admin tries to sign in", "Account Creation and Approval")</a> <!-- method navigator-link -->
                      </span>
                      <br/>
                      <span>
                        <img src="failed.png" width="3%"/>
                        <a href="#" panel-name="suite-Surefire_suite" title="cuccumbersOptions.TestNGRunner" class="method navigator-link" hash-for-method="runScenario(&quot;User wants to encrypt an uploaded file&quot;, &quot;Role Managment Test&quot;)">runScenario("User wants to encrypt an uploaded file", "Role Managment Test")</a> <!-- method navigator-link -->
                      </span>
                      <br/>
                      <span>
                        <img src="failed.png" width="3%"/>
                        <a href="#" panel-name="suite-Surefire_suite" title="cuccumbersOptions.TestNGRunner" class="method navigator-link" hash-for-method="runScenario(&quot;User tries to sign&quot;, &quot;Account Creation and Approval&quot;)">runScenario("User tries to sign", "Account Creation and Approval")</a> <!-- method navigator-link -->
                      </span>
                      <br/>
                      <span>
                        <img src="failed.png" width="3%"/>
                        <a href="#" panel-name="suite-Surefire_suite" title="cuccumbersOptions.TestNGRunner" class="method navigator-link" hash-for-method="runScenario(&quot;User tries to sign in with incorrect email address&quot;, &quot;Account Creation and Approval&quot;)">runScenario("User tries to sign in with incorrect email address", "Account Creation and Approval")</a> <!-- method navigator-link -->
                      </span>
                      <br/>
                      <span>
                        <img src="failed.png" width="3%"/>
                        <a href="#" panel-name="suite-Surefire_suite" title="cuccumbersOptions.TestNGRunner" class="method navigator-link" hash-for-method="runScenario(&quot;Admin changes the role of a registered user&quot;, &quot;Role Managment Test&quot;)">runScenario("Admin changes the role of a registered user", "Role Managment Test")</a> <!-- method navigator-link -->
                      </span>
                      <br/>
                      <span>
                        <img src="failed.png" width="3%"/>
                        <a href="#" panel-name="suite-Surefire_suite" title="cuccumbersOptions.TestNGRunner" class="method navigator-link" hash-for-method="runScenario(&quot;User tries to sign in with incorrect password&quot;, &quot;Account Creation and Approval&quot;)">runScenario("User tries to sign in with incorrect password", "Account Creation and Approval")</a> <!-- method navigator-link -->
                      </span>
                      <br/>
                      <span>
                        <img src="failed.png" width="3%"/>
                        <a href="#" panel-name="suite-Surefire_suite" title="cuccumbersOptions.TestNGRunner" class="method navigator-link" hash-for-method="runScenario(&quot;Check that Edit Role of a user is working successfully&quot;, &quot;Admin Panel&quot;)">runScenario("Check that Edit Role of a user is working successfully", "Admin Panel")</a> <!-- method navigator-link -->
                      </span>
                      <br/>
                    </div> <!-- method-list-content failed suite-Surefire_suite -->
                  </li>
                  <li>
                    <span class="method-list-title passed">Passed methods</span>
                    <span class="show-or-hide-methods passed">
                      <a href="#" panel-name="suite-Surefire_suite" class="hide-methods passed suite-Surefire_suite"> (hide)</a> <!-- hide-methods passed suite-Surefire_suite -->
                      <a href="#" panel-name="suite-Surefire_suite" class="show-methods passed suite-Surefire_suite"> (show)</a> <!-- show-methods passed suite-Surefire_suite -->
                    </span>
                    <div class="method-list-content passed suite-Surefire_suite">
                      <span>
                        <img src="passed.png" width="3%"/>
                        <a href="#" panel-name="suite-Surefire_suite" title="cuccumbersOptions.TestNGRunner" class="method navigator-link" hash-for-method="runScenario(&quot;Check that Sign Up Scenario works successfully&quot;, &quot;Sign Up&quot;)">runScenario("Check that Sign Up Scenario works successfully", "Sign Up")</a> <!-- method navigator-link -->
                      </span>
                      <br/>
                      <span>
                        <img src="passed.png" width="3%"/>
                        <a href="#" panel-name="suite-Surefire_suite" title="cuccumbersOptions.TestNGRunner" class="method navigator-link" hash-for-method="runScenario(&quot;A new user tries to register for a new account&quot;, &quot;Account Creation and Approval&quot;)">runScenario("A new user tries to register for a new account", "Account Creation and Approval")</a> <!-- method navigator-link -->
                      </span>
                      <br/>
                    </div> <!-- method-list-content passed suite-Surefire_suite -->
                  </li>
                </ul>
              </div> <!-- suite-section-content -->
            </div> <!-- result-section -->
          </div> <!-- navigator-suite-content -->
        </div> <!-- rounded-window -->
      </div> <!-- suite -->
    </div> <!-- navigator-root -->
    <div class="wrapper">
      <div class="main-panel-root">
        <div panel-name="suite-Surefire_suite" class="panel Surefire_suite">
          <div class="suite-Surefire_suite-class-failed">
            <div class="main-panel-header rounded-window-top">
              <img src="failed.png"/>
              <span class="class-name">cuccumbersOptions.TestNGRunner</span>
            </div> <!-- main-panel-header rounded-window-top -->
            <div class="main-panel-content rounded-window-bottom">
              <div class="method">
                <div class="method-content">
                  <a name="runScenario(&quot;User wants to decrypt an uploaded file&quot;, &quot;Role Managment Test&quot;)">
                  </a> <!-- runScenario("User wants to decrypt an uploaded file", "Role Managment Test") -->
                  <span class="method-name">runScenario</span>
                  <span class="parameters">("User wants to decrypt an uploaded file","Role Managment Test")</span>
                  <div class="stack-trace">org.openqa.selenium.ElementClickInterceptedException: element click intercepted: Element &lt;a _ngcontent-xed-c65=&quot;&quot; class=&quot;btn btn-secondary mt-2&quot;&gt;...&lt;/a&gt; is not clickable at point (359, 612). Other element would receive the click: &lt;div _ngcontent-xed-c58=&quot;&quot; id=&quot;signUp&quot; tabindex=&quot;-1&quot; data-bs-backdrop=&quot;static&quot; data-bs-keyboard=&quot;false&quot; role=&quot;dialog&quot; aria-labelledby=&quot;modalTitleId&quot; class=&quot;modal fade auth show&quot; aria-modal=&quot;true&quot; style=&quot;display: block;&quot;&gt;...&lt;/div&gt;
  (Session info: chrome=125.0.6422.142)
Build info: version: &apos;4.21.0&apos;, revision: &apos;79ed462ef4&apos;
System info: os.name: &apos;Windows 11&apos;, os.arch: &apos;amd64&apos;, os.version: &apos;10.0&apos;, java.version: &apos;21.0.2&apos;
Driver info: org.openqa.selenium.chrome.ChromeDriver
Command: [e7a1f45e72a60835512ecee4466eaa28, clickElement {id=f.E517DC3E730A0BFC46F0CEC0FB471017.d.A136419038391D9C1228FFA97B22DA44.e.46}]
Capabilities {acceptInsecureCerts: false, browserName: chrome, browserVersion: 125.0.6422.142, chrome: {chromedriverVersion: 125.0.6422.141 (4b1e8393712..., userDataDir: C:\Users\basha\AppData\Loca...}, fedcm:accounts: true, goog:chromeOptions: {debuggerAddress: localhost:63442}, networkConnectionEnabled: false, pageLoadStrategy: normal, platformName: windows, proxy: Proxy(), se:cdp: ws://localhost:63442/devtoo..., se:cdpVersion: 125.0.6422.142, setWindowRect: true, strictFileInteractability: false, timeouts: {implicit: 0, pageLoad: 300000, script: 30000}, unhandledPromptBehavior: dismiss and notify, webauthn:extension:credBlob: true, webauthn:extension:largeBlob: true, webauthn:extension:minPinLength: true, webauthn:extension:prf: true, webauthn:virtualAuthenticators: true}
Element: [[ChromeDriver: chrome on windows (e7a1f45e72a60835512ecee4466eaa28)] -&gt; xpath: /html/body/app-root/app-layout/div/app-home/div[1]/div[1]/div/div/div[1]/div/div/a[2]]
Session ID: e7a1f45e72a60835512ecee4466eaa28
	at org.openqa.selenium.remote.ErrorCodec.decode(ErrorCodec.java:167)
	at org.openqa.selenium.remote.codec.w3c.W3CHttpResponseCodec.decode(W3CHttpResponseCodec.java:138)
	at org.openqa.selenium.remote.codec.w3c.W3CHttpResponseCodec.decode(W3CHttpResponseCodec.java:50)
	at org.openqa.selenium.remote.HttpCommandExecutor.execute(HttpCommandExecutor.java:190)
	at org.openqa.selenium.remote.service.DriverCommandExecutor.invokeExecute(DriverCommandExecutor.java:216)
	at org.openqa.selenium.remote.service.DriverCommandExecutor.execute(DriverCommandExecutor.java:174)
	at org.openqa.selenium.remote.RemoteWebDriver.execute(RemoteWebDriver.java:518)
	at org.openqa.selenium.remote.RemoteWebElement.execute(RemoteWebElement.java:223)
	at org.openqa.selenium.remote.RemoteWebElement.click(RemoteWebElement.java:76)
	at stepDefinitions.FileEncryptionAndDecryptionTest.The_user_cliks_on_the_Try_Decryption_button_on_homepage(FileEncryptionAndDecryptionTest.java:140)
	at ✽.The user cliks on the Try Decryption button on homepage(file:///C:/Users/basha/Downloads/crypto-testing/src/test/java/features/FileEncryptionAndDecryptionTest.feature:16)
... Removed 3 stack frames
</div> <!-- stack-trace -->
                  <em>
(Runs Cucumber Scenarios)                  </em>
                </div> <!-- method-content -->
              </div> <!-- method -->
              <div class="method">
                <div class="method-content">
                  <a name="runScenario(&quot;User changes the role of another registered user&quot;, &quot;Role Managment Test&quot;)">
                  </a> <!-- runScenario("User changes the role of another registered user", "Role Managment Test") -->
                  <span class="method-name">runScenario</span>
                  <span class="parameters">("User changes the role of another registered user","Role Managment Test")</span>
                  <div class="stack-trace">io.cucumber.testng.UndefinedStepException: The step &apos;The user should not have an admin panel to access/update other users roles&apos; is undefined.
You can implement this step using the snippet(s) below:

@Then(&quot;The user should not have an admin panel to access\\/update other users roles&quot;)
public void the_user_should_not_have_an_admin_panel_to_access_update_other_users_roles() {
    // Write code here that turns the phrase above into concrete actions
    throw new io.cucumber.java.PendingException();
}

	at io.cucumber.core.runtime.TestCaseResultObserver.assertTestCasePassed(TestCaseResultObserver.java:69)
	at io.cucumber.testng.TestCaseResultObserver.assertTestCasePassed(TestCaseResultObserver.java:23)
	at io.cucumber.testng.TestNGCucumberRunner.lambda$runScenario$1(TestNGCucumberRunner.java:133)
	at io.cucumber.core.runtime.CucumberExecutionContext.lambda$runTestCase$5(CucumberExecutionContext.java:136)
	at io.cucumber.core.runtime.RethrowingThrowableCollector.executeAndThrow(RethrowingThrowableCollector.java:23)
	at io.cucumber.core.runtime.CucumberExecutionContext.runTestCase(CucumberExecutionContext.java:136)
	at io.cucumber.testng.TestNGCucumberRunner.runScenario(TestNGCucumberRunner.java:129)
	at io.cucumber.testng.AbstractTestNGCucumberTests.runScenario(AbstractTestNGCucumberTests.java:35)
	at java.base/java.util.ArrayList.forEach(ArrayList.java:1596)
... Removed 30 stack frames
</div> <!-- stack-trace -->
                  <em>
(Runs Cucumber Scenarios)                  </em>
                </div> <!-- method-content -->
              </div> <!-- method -->
              <div class="method">
                <div class="method-content">
                  <a name="runScenario(&quot;Admin approves a new user&quot;, &quot;Sign Up&quot;)">
                  </a> <!-- runScenario("Admin approves a new user", "Sign Up") -->
                  <span class="method-name">runScenario</span>
                  <span class="parameters">("Admin approves a new user","Sign Up")</span>
                  <div class="stack-trace">java.lang.AssertionError: expected [jayna.murray@hotmail.com] but found [otto.lockman@hotmail.com]
	at stepDefinitions.SignUpTest.admin_approves_the_new_user(SignUpTest.java:175)
	at ✽.Admin approves the first new user(file:///C:/Users/basha/Downloads/crypto-testing/src/test/java/features/SignUpTest.feature:16)
... Removed 6 stack frames
</div> <!-- stack-trace -->
                  <em>
(Runs Cucumber Scenarios)                  </em>
                </div> <!-- method-content -->
              </div> <!-- method -->
              <div class="method">
                <div class="method-content">
                  <a name="runScenario(&quot;admin approves a new user&quot;, &quot;Account Creation and Approval&quot;)">
                  </a> <!-- runScenario("admin approves a new user", "Account Creation and Approval") -->
                  <span class="method-name">runScenario</span>
                  <span class="parameters">("admin approves a new user","Account Creation and Approval")</span>
                  <div class="stack-trace">org.openqa.selenium.ElementClickInterceptedException: element click intercepted: Element &lt;a _ngcontent-nau-c58=&quot;&quot; data-bs-toggle=&quot;modal&quot; data-bs-target=&quot;#signUp&quot; class=&quot;btn fs-14 btn-outline-secondary me-2 my-2 my-sm-0 ng-star-inserted&quot;&gt;...&lt;/a&gt; is not clickable at point (1455, 35). Other element would receive the click: &lt;div _ngcontent-nau-c58=&quot;&quot; id=&quot;signUp&quot; tabindex=&quot;-1&quot; data-bs-backdrop=&quot;static&quot; data-bs-keyboard=&quot;false&quot; role=&quot;dialog&quot; aria-labelledby=&quot;modalTitleId&quot; class=&quot;modal fade auth show&quot; aria-modal=&quot;true&quot; style=&quot;display: block;&quot;&gt;...&lt;/div&gt;
  (Session info: chrome=125.0.6422.142)
Build info: version: &apos;4.21.0&apos;, revision: &apos;79ed462ef4&apos;
System info: os.name: &apos;Windows 11&apos;, os.arch: &apos;amd64&apos;, os.version: &apos;10.0&apos;, java.version: &apos;21.0.2&apos;
Driver info: org.openqa.selenium.chrome.ChromeDriver
Command: [c967f58fc789d71360d77a8465e003cb, clickElement {id=f.29CBC6372905CA9C1B47D692C47A1F85.d.2FC97547DB331BDE1DBEF0CE08055B74.e.40}]
Capabilities {acceptInsecureCerts: false, browserName: chrome, browserVersion: 125.0.6422.142, chrome: {chromedriverVersion: 125.0.6422.141 (4b1e8393712..., userDataDir: C:\Users\basha\AppData\Loca...}, fedcm:accounts: true, goog:chromeOptions: {debuggerAddress: localhost:62672}, networkConnectionEnabled: false, pageLoadStrategy: normal, platformName: windows, proxy: Proxy(), se:cdp: ws://localhost:62672/devtoo..., se:cdpVersion: 125.0.6422.142, setWindowRect: true, strictFileInteractability: false, timeouts: {implicit: 0, pageLoad: 300000, script: 30000}, unhandledPromptBehavior: dismiss and notify, webauthn:extension:credBlob: true, webauthn:extension:largeBlob: true, webauthn:extension:minPinLength: true, webauthn:extension:prf: true, webauthn:virtualAuthenticators: true}
Element: [[ChromeDriver: chrome on windows (c967f58fc789d71360d77a8465e003cb)] -&gt; xpath: /html/body/app-root/app-layout/app-header/header/nav/div/div/div/a[2]]
Session ID: c967f58fc789d71360d77a8465e003cb
	at org.openqa.selenium.remote.ErrorCodec.decode(ErrorCodec.java:167)
	at org.openqa.selenium.remote.codec.w3c.W3CHttpResponseCodec.decode(W3CHttpResponseCodec.java:138)
	at org.openqa.selenium.remote.codec.w3c.W3CHttpResponseCodec.decode(W3CHttpResponseCodec.java:50)
	at org.openqa.selenium.remote.HttpCommandExecutor.execute(HttpCommandExecutor.java:190)
	at org.openqa.selenium.remote.service.DriverCommandExecutor.invokeExecute(DriverCommandExecutor.java:216)
	at org.openqa.selenium.remote.service.DriverCommandExecutor.execute(DriverCommandExecutor.java:174)
	at org.openqa.selenium.remote.RemoteWebDriver.execute(RemoteWebDriver.java:518)
	at org.openqa.selenium.remote.RemoteWebElement.execute(RemoteWebElement.java:223)
	at org.openqa.selenium.remote.RemoteWebElement.click(RemoteWebElement.java:76)
	at stepDefinitions.AccountCreationAndApprovalTest.Admin_logins_with_email_and_password_to_approve_a_user(AccountCreationAndApprovalTest.java:149)
	at ✽.The admin inputs their correct email address and password(file:///C:/Users/basha/Downloads/crypto-testing/src/test/java/features/AccountCreationAndApprovalTest.feature:13)
... Removed 3 stack frames
</div> <!-- stack-trace -->
                  <em>
(Runs Cucumber Scenarios)                  </em>
                </div> <!-- method-content -->
              </div> <!-- method -->
              <div class="method">
                <div class="method-content">
                  <a name="runScenario(&quot;admin tries to sign in&quot;, &quot;Account Creation and Approval&quot;)">
                  </a> <!-- runScenario("admin tries to sign in", "Account Creation and Approval") -->
                  <span class="method-name">runScenario</span>
                  <span class="parameters">("admin tries to sign in","Account Creation and Approval")</span>
                  <div class="stack-trace">org.openqa.selenium.ElementClickInterceptedException: element click intercepted: Element &lt;a _ngcontent-yuh-c58=&quot;&quot; data-bs-toggle=&quot;modal&quot; data-bs-target=&quot;#signUp&quot; class=&quot;btn fs-14 btn-outline-secondary me-2 my-2 my-sm-0 ng-star-inserted&quot;&gt;...&lt;/a&gt; is not clickable at point (1455, 35). Other element would receive the click: &lt;div _ngcontent-yuh-c58=&quot;&quot; id=&quot;signUp&quot; tabindex=&quot;-1&quot; data-bs-backdrop=&quot;static&quot; data-bs-keyboard=&quot;false&quot; role=&quot;dialog&quot; aria-labelledby=&quot;modalTitleId&quot; class=&quot;modal fade auth show&quot; aria-modal=&quot;true&quot; style=&quot;display: block;&quot;&gt;...&lt;/div&gt;
  (Session info: chrome=125.0.6422.142)
Build info: version: &apos;4.21.0&apos;, revision: &apos;79ed462ef4&apos;
System info: os.name: &apos;Windows 11&apos;, os.arch: &apos;amd64&apos;, os.version: &apos;10.0&apos;, java.version: &apos;21.0.2&apos;
Driver info: org.openqa.selenium.chrome.ChromeDriver
Command: [1855bf8b9ede67106a3eb1343446ab82, clickElement {id=f.494388E5523296A887D5D8E47F1F7248.d.5E23BF972EF611ADE6736F61B0D139C3.e.40}]
Capabilities {acceptInsecureCerts: false, browserName: chrome, browserVersion: 125.0.6422.142, chrome: {chromedriverVersion: 125.0.6422.141 (4b1e8393712..., userDataDir: C:\Users\basha\AppData\Loca...}, fedcm:accounts: true, goog:chromeOptions: {debuggerAddress: localhost:62793}, networkConnectionEnabled: false, pageLoadStrategy: normal, platformName: windows, proxy: Proxy(), se:cdp: ws://localhost:62793/devtoo..., se:cdpVersion: 125.0.6422.142, setWindowRect: true, strictFileInteractability: false, timeouts: {implicit: 0, pageLoad: 300000, script: 30000}, unhandledPromptBehavior: dismiss and notify, webauthn:extension:credBlob: true, webauthn:extension:largeBlob: true, webauthn:extension:minPinLength: true, webauthn:extension:prf: true, webauthn:virtualAuthenticators: true}
Element: [[ChromeDriver: chrome on windows (1855bf8b9ede67106a3eb1343446ab82)] -&gt; xpath: /html/body/app-root/app-layout/app-header/header/nav/div/div/div/a[2]]
Session ID: 1855bf8b9ede67106a3eb1343446ab82
	at org.openqa.selenium.remote.ErrorCodec.decode(ErrorCodec.java:167)
	at org.openqa.selenium.remote.codec.w3c.W3CHttpResponseCodec.decode(W3CHttpResponseCodec.java:138)
	at org.openqa.selenium.remote.codec.w3c.W3CHttpResponseCodec.decode(W3CHttpResponseCodec.java:50)
	at org.openqa.selenium.remote.HttpCommandExecutor.execute(HttpCommandExecutor.java:190)
	at org.openqa.selenium.remote.service.DriverCommandExecutor.invokeExecute(DriverCommandExecutor.java:216)
	at org.openqa.selenium.remote.service.DriverCommandExecutor.execute(DriverCommandExecutor.java:174)
	at org.openqa.selenium.remote.RemoteWebDriver.execute(RemoteWebDriver.java:518)
	at org.openqa.selenium.remote.RemoteWebElement.execute(RemoteWebElement.java:223)
	at org.openqa.selenium.remote.RemoteWebElement.click(RemoteWebElement.java:76)
	at stepDefinitions.AccountCreationAndApprovalTest.Admin_logins_with_email_and_password_to_approve_a_user(AccountCreationAndApprovalTest.java:149)
	at ✽.The admin inputs their correct email address and password(file:///C:/Users/basha/Downloads/crypto-testing/src/test/java/features/AccountCreationAndApprovalTest.feature:20)
... Removed 3 stack frames
</div> <!-- stack-trace -->
                  <em>
(Runs Cucumber Scenarios)                  </em>
                </div> <!-- method-content -->
              </div> <!-- method -->
              <div class="method">
                <div class="method-content">
                  <a name="runScenario(&quot;User wants to encrypt an uploaded file&quot;, &quot;Role Managment Test&quot;)">
                  </a> <!-- runScenario("User wants to encrypt an uploaded file", "Role Managment Test") -->
                  <span class="method-name">runScenario</span>
                  <span class="parameters">("User wants to encrypt an uploaded file","Role Managment Test")</span>
                  <div class="stack-trace">org.openqa.selenium.ElementClickInterceptedException: element click intercepted: Element &lt;a _ngcontent-lpx-c65=&quot;&quot; class=&quot;btn btn-primary mb-3&quot;&gt;...&lt;/a&gt; is not clickable at point (359, 548). Other element would receive the click: &lt;div _ngcontent-lpx-c58=&quot;&quot; id=&quot;signUp&quot; tabindex=&quot;-1&quot; data-bs-backdrop=&quot;static&quot; data-bs-keyboard=&quot;false&quot; role=&quot;dialog&quot; aria-labelledby=&quot;modalTitleId&quot; class=&quot;modal fade auth show&quot; aria-modal=&quot;true&quot; style=&quot;display: block;&quot;&gt;...&lt;/div&gt;
  (Session info: chrome=125.0.6422.142)
Build info: version: &apos;4.21.0&apos;, revision: &apos;79ed462ef4&apos;
System info: os.name: &apos;Windows 11&apos;, os.arch: &apos;amd64&apos;, os.version: &apos;10.0&apos;, java.version: &apos;21.0.2&apos;
Driver info: org.openqa.selenium.chrome.ChromeDriver
Command: [4385fc3309fa3728c1800b8eb9fc7e4c, clickElement {id=f.DCFF8887CA722FF20E46CD40BCC58ED0.d.7C5FAA3C48DDFA435F45309CE5F0EBFA.e.50}]
Capabilities {acceptInsecureCerts: false, browserName: chrome, browserVersion: 125.0.6422.142, chrome: {chromedriverVersion: 125.0.6422.141 (4b1e8393712..., userDataDir: C:\Users\basha\AppData\Loca...}, fedcm:accounts: true, goog:chromeOptions: {debuggerAddress: localhost:63313}, networkConnectionEnabled: false, pageLoadStrategy: normal, platformName: windows, proxy: Proxy(), se:cdp: ws://localhost:63313/devtoo..., se:cdpVersion: 125.0.6422.142, setWindowRect: true, strictFileInteractability: false, timeouts: {implicit: 0, pageLoad: 300000, script: 30000}, unhandledPromptBehavior: dismiss and notify, webauthn:extension:credBlob: true, webauthn:extension:largeBlob: true, webauthn:extension:minPinLength: true, webauthn:extension:prf: true, webauthn:virtualAuthenticators: true}
Element: [[ChromeDriver: chrome on windows (4385fc3309fa3728c1800b8eb9fc7e4c)] -&gt; xpath: /html/body/app-root/app-layout/div/app-home/div[1]/div[1]/div/div/div[1]/div/div/a[1]]
Session ID: 4385fc3309fa3728c1800b8eb9fc7e4c
	at org.openqa.selenium.remote.ErrorCodec.decode(ErrorCodec.java:167)
	at org.openqa.selenium.remote.codec.w3c.W3CHttpResponseCodec.decode(W3CHttpResponseCodec.java:138)
	at org.openqa.selenium.remote.codec.w3c.W3CHttpResponseCodec.decode(W3CHttpResponseCodec.java:50)
	at org.openqa.selenium.remote.HttpCommandExecutor.execute(HttpCommandExecutor.java:190)
	at org.openqa.selenium.remote.service.DriverCommandExecutor.invokeExecute(DriverCommandExecutor.java:216)
	at org.openqa.selenium.remote.service.DriverCommandExecutor.execute(DriverCommandExecutor.java:174)
	at org.openqa.selenium.remote.RemoteWebDriver.execute(RemoteWebDriver.java:518)
	at org.openqa.selenium.remote.RemoteWebElement.execute(RemoteWebElement.java:223)
	at org.openqa.selenium.remote.RemoteWebElement.click(RemoteWebElement.java:76)
	at stepDefinitions.FileEncryptionAndDecryptionTest.user_clicks_try_encryption(FileEncryptionAndDecryptionTest.java:89)
	at ✽.The user cliks on the Try Encryption button on homepage(file:///C:/Users/basha/Downloads/crypto-testing/src/test/java/features/FileEncryptionAndDecryptionTest.feature:7)
... Removed 3 stack frames
</div> <!-- stack-trace -->
                  <em>
(Runs Cucumber Scenarios)                  </em>
                </div> <!-- method-content -->
              </div> <!-- method -->
              <div class="method">
                <div class="method-content">
                  <a name="runScenario(&quot;User tries to sign&quot;, &quot;Account Creation and Approval&quot;)">
                  </a> <!-- runScenario("User tries to sign", "Account Creation and Approval") -->
                  <span class="method-name">runScenario</span>
                  <span class="parameters">("User tries to sign","Account Creation and Approval")</span>
                  <div class="stack-trace">org.openqa.selenium.ElementClickInterceptedException: element click intercepted: Element &lt;a _ngcontent-hde-c58=&quot;&quot; data-bs-toggle=&quot;modal&quot; data-bs-target=&quot;#signUp&quot; class=&quot;btn fs-14 btn-outline-secondary me-2 my-2 my-sm-0 ng-star-inserted&quot;&gt;...&lt;/a&gt; is not clickable at point (1455, 35). Other element would receive the click: &lt;div _ngcontent-hde-c58=&quot;&quot; id=&quot;signUp&quot; tabindex=&quot;-1&quot; data-bs-backdrop=&quot;static&quot; data-bs-keyboard=&quot;false&quot; role=&quot;dialog&quot; aria-labelledby=&quot;modalTitleId&quot; class=&quot;modal fade auth show&quot; aria-modal=&quot;true&quot; style=&quot;display: block;&quot;&gt;...&lt;/div&gt;
  (Session info: chrome=125.0.6422.142)
Build info: version: &apos;4.21.0&apos;, revision: &apos;79ed462ef4&apos;
System info: os.name: &apos;Windows 11&apos;, os.arch: &apos;amd64&apos;, os.version: &apos;10.0&apos;, java.version: &apos;21.0.2&apos;
Driver info: org.openqa.selenium.chrome.ChromeDriver
Command: [1c507be407da46d00035393eb0bc5748, clickElement {id=f.911331D5928C6B5DF08B6D6724D31C79.d.28319E9DE66F40AB95A21FB9B704748B.e.40}]
Capabilities {acceptInsecureCerts: false, browserName: chrome, browserVersion: 125.0.6422.142, chrome: {chromedriverVersion: 125.0.6422.141 (4b1e8393712..., userDataDir: C:\Users\basha\AppData\Loca...}, fedcm:accounts: true, goog:chromeOptions: {debuggerAddress: localhost:62913}, networkConnectionEnabled: false, pageLoadStrategy: normal, platformName: windows, proxy: Proxy(), se:cdp: ws://localhost:62913/devtoo..., se:cdpVersion: 125.0.6422.142, setWindowRect: true, strictFileInteractability: false, timeouts: {implicit: 0, pageLoad: 300000, script: 30000}, unhandledPromptBehavior: dismiss and notify, webauthn:extension:credBlob: true, webauthn:extension:largeBlob: true, webauthn:extension:minPinLength: true, webauthn:extension:prf: true, webauthn:virtualAuthenticators: true}
Element: [[ChromeDriver: chrome on windows (1c507be407da46d00035393eb0bc5748)] -&gt; xpath: /html/body/app-root/app-layout/app-header/header/nav/div/div/div/a[2]]
Session ID: 1c507be407da46d00035393eb0bc5748
	at org.openqa.selenium.remote.ErrorCodec.decode(ErrorCodec.java:167)
	at org.openqa.selenium.remote.codec.w3c.W3CHttpResponseCodec.decode(W3CHttpResponseCodec.java:138)
	at org.openqa.selenium.remote.codec.w3c.W3CHttpResponseCodec.decode(W3CHttpResponseCodec.java:50)
	at org.openqa.selenium.remote.HttpCommandExecutor.execute(HttpCommandExecutor.java:190)
	at org.openqa.selenium.remote.service.DriverCommandExecutor.invokeExecute(DriverCommandExecutor.java:216)
	at org.openqa.selenium.remote.service.DriverCommandExecutor.execute(DriverCommandExecutor.java:174)
	at org.openqa.selenium.remote.RemoteWebDriver.execute(RemoteWebDriver.java:518)
	at org.openqa.selenium.remote.RemoteWebElement.execute(RemoteWebElement.java:223)
	at org.openqa.selenium.remote.RemoteWebElement.click(RemoteWebElement.java:76)
	at stepDefinitions.AccountCreationAndApprovalTest.The_user_logins_with_correct_email_address_and_password(AccountCreationAndApprovalTest.java:207)
	at ✽.The user logins with correct email address and password(file:///C:/Users/basha/Downloads/crypto-testing/src/test/java/features/AccountCreationAndApprovalTest.feature:26)
... Removed 3 stack frames
</div> <!-- stack-trace -->
                  <em>
(Runs Cucumber Scenarios)                  </em>
                </div> <!-- method-content -->
              </div> <!-- method -->
              <div class="method">
                <div class="method-content">
                  <a name="runScenario(&quot;User tries to sign in with incorrect email address&quot;, &quot;Account Creation and Approval&quot;)">
                  </a> <!-- runScenario("User tries to sign in with incorrect email address", "Account Creation and Approval") -->
                  <span class="method-name">runScenario</span>
                  <span class="parameters">("User tries to sign in with incorrect email address","Account Creation and Approval")</span>
                  <div class="stack-trace">org.openqa.selenium.ElementClickInterceptedException: element click intercepted: Element &lt;a _ngcontent-nhn-c58=&quot;&quot; data-bs-toggle=&quot;modal&quot; data-bs-target=&quot;#signUp&quot; class=&quot;btn fs-14 btn-outline-secondary me-2 my-2 my-sm-0 ng-star-inserted&quot;&gt;...&lt;/a&gt; is not clickable at point (1455, 35). Other element would receive the click: &lt;div _ngcontent-nhn-c58=&quot;&quot; id=&quot;signUp&quot; tabindex=&quot;-1&quot; data-bs-backdrop=&quot;static&quot; data-bs-keyboard=&quot;false&quot; role=&quot;dialog&quot; aria-labelledby=&quot;modalTitleId&quot; class=&quot;modal fade auth show&quot; aria-modal=&quot;true&quot; style=&quot;display: block;&quot;&gt;...&lt;/div&gt;
  (Session info: chrome=125.0.6422.142)
Build info: version: &apos;4.21.0&apos;, revision: &apos;79ed462ef4&apos;
System info: os.name: &apos;Windows 11&apos;, os.arch: &apos;amd64&apos;, os.version: &apos;10.0&apos;, java.version: &apos;21.0.2&apos;
Driver info: org.openqa.selenium.chrome.ChromeDriver
Command: [ede91497755c18e3deac69505fb9f1d0, clickElement {id=f.385EED7A9E425617B370FC2938BF0A1D.d.8659CE1F971939CDA957EC5A27EA043C.e.40}]
Capabilities {acceptInsecureCerts: false, browserName: chrome, browserVersion: 125.0.6422.142, chrome: {chromedriverVersion: 125.0.6422.141 (4b1e8393712..., userDataDir: C:\Users\basha\AppData\Loca...}, fedcm:accounts: true, goog:chromeOptions: {debuggerAddress: localhost:63036}, networkConnectionEnabled: false, pageLoadStrategy: normal, platformName: windows, proxy: Proxy(), se:cdp: ws://localhost:63036/devtoo..., se:cdpVersion: 125.0.6422.142, setWindowRect: true, strictFileInteractability: false, timeouts: {implicit: 0, pageLoad: 300000, script: 30000}, unhandledPromptBehavior: dismiss and notify, webauthn:extension:credBlob: true, webauthn:extension:largeBlob: true, webauthn:extension:minPinLength: true, webauthn:extension:prf: true, webauthn:virtualAuthenticators: true}
Element: [[ChromeDriver: chrome on windows (ede91497755c18e3deac69505fb9f1d0)] -&gt; xpath: /html/body/app-root/app-layout/app-header/header/nav/div/div/div/a[2]]
Session ID: ede91497755c18e3deac69505fb9f1d0
	at org.openqa.selenium.remote.ErrorCodec.decode(ErrorCodec.java:167)
	at org.openqa.selenium.remote.codec.w3c.W3CHttpResponseCodec.decode(W3CHttpResponseCodec.java:138)
	at org.openqa.selenium.remote.codec.w3c.W3CHttpResponseCodec.decode(W3CHttpResponseCodec.java:50)
	at org.openqa.selenium.remote.HttpCommandExecutor.execute(HttpCommandExecutor.java:190)
	at org.openqa.selenium.remote.service.DriverCommandExecutor.invokeExecute(DriverCommandExecutor.java:216)
	at org.openqa.selenium.remote.service.DriverCommandExecutor.execute(DriverCommandExecutor.java:174)
	at org.openqa.selenium.remote.RemoteWebDriver.execute(RemoteWebDriver.java:518)
	at org.openqa.selenium.remote.RemoteWebElement.execute(RemoteWebElement.java:223)
	at org.openqa.selenium.remote.RemoteWebElement.click(RemoteWebElement.java:76)
	at stepDefinitions.AccountCreationAndApprovalTest.The_user_logins_with_incorrect_email_address_and_correct_password(AccountCreationAndApprovalTest.java:238)
	at ✽.The user logins with incorrect email address and correct password(file:///C:/Users/basha/Downloads/crypto-testing/src/test/java/features/AccountCreationAndApprovalTest.feature:32)
... Removed 3 stack frames
</div> <!-- stack-trace -->
                  <em>
(Runs Cucumber Scenarios)                  </em>
                </div> <!-- method-content -->
              </div> <!-- method -->
              <div class="method">
                <div class="method-content">
                  <a name="runScenario(&quot;Admin changes the role of a registered user&quot;, &quot;Role Managment Test&quot;)">
                  </a> <!-- runScenario("Admin changes the role of a registered user", "Role Managment Test") -->
                  <span class="method-name">runScenario</span>
                  <span class="parameters">("Admin changes the role of a registered user","Role Managment Test")</span>
                  <div class="stack-trace">java.lang.AssertionError: expected [Employee] but found [EMPLOYEE]
	at stepDefinitions.RoleManagmentTest.Admin_changes_the_first_user_role_to_Employee(RoleManagmentTest.java:123)
	at ✽.Admin changes the first user role to Employee(file:///C:/Users/basha/Downloads/crypto-testing/src/test/java/features/RoleManagmentTest.feature:9)
... Removed 6 stack frames
</div> <!-- stack-trace -->
                  <em>
(Runs Cucumber Scenarios)                  </em>
                </div> <!-- method-content -->
              </div> <!-- method -->
              <div class="method">
                <div class="method-content">
                  <a name="runScenario(&quot;User tries to sign in with incorrect password&quot;, &quot;Account Creation and Approval&quot;)">
                  </a> <!-- runScenario("User tries to sign in with incorrect password", "Account Creation and Approval") -->
                  <span class="method-name">runScenario</span>
                  <span class="parameters">("User tries to sign in with incorrect password","Account Creation and Approval")</span>
                  <div class="stack-trace">org.openqa.selenium.ElementClickInterceptedException: element click intercepted: Element &lt;a _ngcontent-omv-c58=&quot;&quot; data-bs-toggle=&quot;modal&quot; data-bs-target=&quot;#signUp&quot; class=&quot;btn fs-14 btn-outline-secondary me-2 my-2 my-sm-0 ng-star-inserted&quot;&gt;...&lt;/a&gt; is not clickable at point (1455, 35). Other element would receive the click: &lt;div _ngcontent-omv-c58=&quot;&quot; id=&quot;signUp&quot; tabindex=&quot;-1&quot; data-bs-backdrop=&quot;static&quot; data-bs-keyboard=&quot;false&quot; role=&quot;dialog&quot; aria-labelledby=&quot;modalTitleId&quot; class=&quot;modal fade auth show&quot; aria-modal=&quot;true&quot; style=&quot;display: block;&quot;&gt;...&lt;/div&gt;
  (Session info: chrome=125.0.6422.142)
Build info: version: &apos;4.21.0&apos;, revision: &apos;79ed462ef4&apos;
System info: os.name: &apos;Windows 11&apos;, os.arch: &apos;amd64&apos;, os.version: &apos;10.0&apos;, java.version: &apos;21.0.2&apos;
Driver info: org.openqa.selenium.chrome.ChromeDriver
Command: [fdcc4c4d71f09dbf9502985338914fdb, clickElement {id=f.BB38EBA6DE14027E955F0FA9B27B04CF.d.CDF909422DE3F98C7B21E13F0EBC0174.e.40}]
Capabilities {acceptInsecureCerts: false, browserName: chrome, browserVersion: 125.0.6422.142, chrome: {chromedriverVersion: 125.0.6422.141 (4b1e8393712..., userDataDir: C:\Users\basha\AppData\Loca...}, fedcm:accounts: true, goog:chromeOptions: {debuggerAddress: localhost:63153}, networkConnectionEnabled: false, pageLoadStrategy: normal, platformName: windows, proxy: Proxy(), se:cdp: ws://localhost:63153/devtoo..., se:cdpVersion: 125.0.6422.142, setWindowRect: true, strictFileInteractability: false, timeouts: {implicit: 0, pageLoad: 300000, script: 30000}, unhandledPromptBehavior: dismiss and notify, webauthn:extension:credBlob: true, webauthn:extension:largeBlob: true, webauthn:extension:minPinLength: true, webauthn:extension:prf: true, webauthn:virtualAuthenticators: true}
Element: [[ChromeDriver: chrome on windows (fdcc4c4d71f09dbf9502985338914fdb)] -&gt; xpath: /html/body/app-root/app-layout/app-header/header/nav/div/div/div/a[2]]
Session ID: fdcc4c4d71f09dbf9502985338914fdb
	at org.openqa.selenium.remote.ErrorCodec.decode(ErrorCodec.java:167)
	at org.openqa.selenium.remote.codec.w3c.W3CHttpResponseCodec.decode(W3CHttpResponseCodec.java:138)
	at org.openqa.selenium.remote.codec.w3c.W3CHttpResponseCodec.decode(W3CHttpResponseCodec.java:50)
	at org.openqa.selenium.remote.HttpCommandExecutor.execute(HttpCommandExecutor.java:190)
	at org.openqa.selenium.remote.service.DriverCommandExecutor.invokeExecute(DriverCommandExecutor.java:216)
	at org.openqa.selenium.remote.service.DriverCommandExecutor.execute(DriverCommandExecutor.java:174)
	at org.openqa.selenium.remote.RemoteWebDriver.execute(RemoteWebDriver.java:518)
	at org.openqa.selenium.remote.RemoteWebElement.execute(RemoteWebElement.java:223)
	at org.openqa.selenium.remote.RemoteWebElement.click(RemoteWebElement.java:76)
	at stepDefinitions.AccountCreationAndApprovalTest.The_user_logins_with_correct_email_address_and_incorrect_password(AccountCreationAndApprovalTest.java:269)
	at ✽.The user logins with correct email address and incorrect password(file:///C:/Users/basha/Downloads/crypto-testing/src/test/java/features/AccountCreationAndApprovalTest.feature:38)
... Removed 3 stack frames
</div> <!-- stack-trace -->
                  <em>
(Runs Cucumber Scenarios)                  </em>
                </div> <!-- method-content -->
              </div> <!-- method -->
              <div class="method">
                <div class="method-content">
                  <a name="runScenario(&quot;Check that Edit Role of a user is working successfully&quot;, &quot;Admin Panel&quot;)">
                  </a> <!-- runScenario("Check that Edit Role of a user is working successfully", "Admin Panel") -->
                  <span class="method-name">runScenario</span>
                  <span class="parameters">("Check that Edit Role of a user is working successfully","Admin Panel")</span>
                  <div class="stack-trace">java.lang.AssertionError: expected [Error parsing JSON] but found [Role is edited successfully]
	at stepDefinitions.adminPanelSteps.i_should_see_a_success_message(adminPanelSteps.java:135)
	at ✽.I should see a success message &quot;Role is edited successfully&quot;(file:///C:/Users/basha/Downloads/crypto-testing/src/test/java/features/adminPanel.feature:8)
... Removed 6 stack frames
</div> <!-- stack-trace -->
                  <em>
(Runs Cucumber Scenarios)                  </em>
                </div> <!-- method-content -->
              </div> <!-- method -->
            </div> <!-- main-panel-content rounded-window-bottom -->
          </div> <!-- suite-Surefire_suite-class-failed -->
          <div class="suite-Surefire_suite-class-passed">
            <div class="main-panel-header rounded-window-top">
              <img src="passed.png"/>
              <span class="class-name">cuccumbersOptions.TestNGRunner</span>
            </div> <!-- main-panel-header rounded-window-top -->
            <div class="main-panel-content rounded-window-bottom">
              <div class="method">
                <div class="method-content">
                  <a name="runScenario(&quot;Check that Sign Up Scenario works successfully&quot;, &quot;Sign Up&quot;)">
                  </a> <!-- runScenario("Check that Sign Up Scenario works successfully", "Sign Up") -->
                  <span class="method-name">runScenario</span>
                  <span class="parameters">("Check that Sign Up Scenario works successfully","Sign Up")</span>
                  <em>
(Runs Cucumber Scenarios)                  </em>
                </div> <!-- method-content -->
              </div> <!-- method -->
              <div class="method">
                <div class="method-content">
                  <a name="runScenario(&quot;A new user tries to register for a new account&quot;, &quot;Account Creation and Approval&quot;)">
                  </a> <!-- runScenario("A new user tries to register for a new account", "Account Creation and Approval") -->
                  <span class="method-name">runScenario</span>
                  <span class="parameters">("A new user tries to register for a new account","Account Creation and Approval")</span>
                  <em>
(Runs Cucumber Scenarios)                  </em>
                </div> <!-- method-content -->
              </div> <!-- method -->
            </div> <!-- main-panel-content rounded-window-bottom -->
          </div> <!-- suite-Surefire_suite-class-passed -->
        </div> <!-- panel Surefire_suite -->
        <div panel-name="test-xml-Surefire_suite" class="panel">
          <div class="main-panel-header rounded-window-top">
          </div> <!-- main-panel-header rounded-window-top -->
          <div class="main-panel-content rounded-window-bottom">
            <pre>
&lt;?xml version=&quot;1.0&quot; encoding=&quot;UTF-8&quot;?&gt;
&lt;!DOCTYPE suite SYSTEM &quot;https://testng.org/testng-1.0.dtd&quot;&gt;
&lt;suite name=&quot;Surefire suite&quot; verbose=&quot;0&quot;&gt;
  &lt;test thread-count=&quot;5&quot; name=&quot;Surefire test&quot; verbose=&quot;0&quot;&gt;
    &lt;classes&gt;
      &lt;class name=&quot;cuccumbersOptions.TestNGRunner&quot;/&gt;
      &lt;class name=&quot;stepDefinitions.AccountCreationAndApprovalTest&quot;/&gt;
      &lt;class name=&quot;stepDefinitions.FileEncryptionAndDecryptionTest&quot;/&gt;
      &lt;class name=&quot;stepDefinitions.RoleManagmentTest&quot;/&gt;
      &lt;class name=&quot;stepDefinitions.SignUpTest&quot;/&gt;
    &lt;/classes&gt;
  &lt;/test&gt; &lt;!-- Surefire test --&gt;
&lt;/suite&gt; &lt;!-- Surefire suite --&gt;
            </pre>
          </div> <!-- main-panel-content rounded-window-bottom -->
        </div> <!-- panel -->
        <div panel-name="testlist-Surefire_suite" class="panel">
          <div class="main-panel-header rounded-window-top">
            <span class="header-content">Tests for Surefire suite</span>
          </div> <!-- main-panel-header rounded-window-top -->
          <div class="main-panel-content rounded-window-bottom">
            <ul>
              <li>
                <span class="test-name">Surefire test (5 classes)</span>
              </li>
            </ul>
          </div> <!-- main-panel-content rounded-window-bottom -->
        </div> <!-- panel -->
        <div panel-name="group-Surefire_suite" class="panel">
          <div class="main-panel-header rounded-window-top">
            <span class="header-content">Groups for Surefire suite</span>
          </div> <!-- main-panel-header rounded-window-top -->
          <div class="main-panel-content rounded-window-bottom">
            <div class="test-group">
              <span class="test-group-name">cucumber</span>
              <br/>
              <div class="method-in-group">
                <span class="method-in-group-name">runScenario</span>
                <br/>
              </div> <!-- method-in-group -->
            </div> <!-- test-group -->
          </div> <!-- main-panel-content rounded-window-bottom -->
        </div> <!-- panel -->
        <div panel-name="times-Surefire_suite" class="panel">
          <div class="main-panel-header rounded-window-top">
            <span class="header-content">Times for Surefire suite</span>
          </div> <!-- main-panel-header rounded-window-top -->
          <div class="main-panel-content rounded-window-bottom">
            <div class="times-div">
              <script type="text/javascript">
suiteTableInitFunctions.push('tableData_Surefire_suite');
function tableData_Surefire_suite() {
var data = new google.visualization.DataTable();
data.addColumn('number', 'Number');
data.addColumn('string', 'Method');
data.addColumn('string', 'Class');
data.addColumn('number', 'Time (ms)');
data.addRows(13);
data.setCell(0, 0, 0)
data.setCell(0, 1, 'runScenario')
data.setCell(0, 2, 'cuccumbersOptions.TestNGRunner')
data.setCell(0, 3, 10619);
data.setCell(1, 0, 1)
data.setCell(1, 1, 'runScenario')
data.setCell(1, 2, 'cuccumbersOptions.TestNGRunner')
data.setCell(1, 3, 9032);
data.setCell(2, 0, 2)
data.setCell(2, 1, 'runScenario')
data.setCell(2, 2, 'cuccumbersOptions.TestNGRunner')
data.setCell(2, 3, 8362);
data.setCell(3, 0, 3)
data.setCell(3, 1, 'runScenario')
data.setCell(3, 2, 'cuccumbersOptions.TestNGRunner')
data.setCell(3, 3, 8009);
data.setCell(4, 0, 4)
data.setCell(4, 1, 'runScenario')
data.setCell(4, 2, 'cuccumbersOptions.TestNGRunner')
data.setCell(4, 3, 7962);
data.setCell(5, 0, 5)
data.setCell(5, 1, 'runScenario')
data.setCell(5, 2, 'cuccumbersOptions.TestNGRunner')
data.setCell(5, 3, 7897);
data.setCell(6, 0, 6)
data.setCell(6, 1, 'runScenario')
data.setCell(6, 2, 'cuccumbersOptions.TestNGRunner')
data.setCell(6, 3, 7763);
data.setCell(7, 0, 7)
data.setCell(7, 1, 'runScenario')
data.setCell(7, 2, 'cuccumbersOptions.TestNGRunner')
data.setCell(7, 3, 7322);
data.setCell(8, 0, 8)
data.setCell(8, 1, 'runScenario')
data.setCell(8, 2, 'cuccumbersOptions.TestNGRunner')
data.setCell(8, 3, 6929);
data.setCell(9, 0, 9)
data.setCell(9, 1, 'runScenario')
data.setCell(9, 2, 'cuccumbersOptions.TestNGRunner')
data.setCell(9, 3, 6848);
data.setCell(10, 0, 10)
data.setCell(10, 1, 'runScenario')
data.setCell(10, 2, 'cuccumbersOptions.TestNGRunner')
data.setCell(10, 3, 6835);
data.setCell(11, 0, 11)
data.setCell(11, 1, 'runScenario')
data.setCell(11, 2, 'cuccumbersOptions.TestNGRunner')
data.setCell(11, 3, 6741);
data.setCell(12, 0, 12)
data.setCell(12, 1, 'runScenario')
data.setCell(12, 2, 'cuccumbersOptions.TestNGRunner')
data.setCell(12, 3, 6732);
window.suiteTableData['Surefire_suite']= { tableData: data, tableDiv: 'times-div-Surefire_suite'}
return data;
}
              </script>
              <span class="suite-total-time">Total running time: 1 minutes</span>
              <div id="times-div-Surefire_suite">
              </div> <!-- times-div-Surefire_suite -->
            </div> <!-- times-div -->
          </div> <!-- main-panel-content rounded-window-bottom -->
        </div> <!-- panel -->
        <div panel-name="reporter-Surefire_suite" class="panel">
          <div class="main-panel-header rounded-window-top">
            <span class="header-content">Reporter output for Surefire suite</span>
          </div> <!-- main-panel-header rounded-window-top -->
          <div class="main-panel-content rounded-window-bottom">
          </div> <!-- main-panel-content rounded-window-bottom -->
        </div> <!-- panel -->
        <div panel-name="ignored-methods-Surefire_suite" class="panel">
          <div class="main-panel-header rounded-window-top">
            <span class="header-content">0 ignored methods</span>
          </div> <!-- main-panel-header rounded-window-top -->
          <div class="main-panel-content rounded-window-bottom">
          </div> <!-- main-panel-content rounded-window-bottom -->
        </div> <!-- panel -->
        <div panel-name="chronological-Surefire_suite" class="panel">
          <div class="main-panel-header rounded-window-top">
            <span class="header-content">Methods in chronological order</span>
          </div> <!-- main-panel-header rounded-window-top -->
          <div class="main-panel-content rounded-window-bottom">
            <div class="chronological-class">
              <div class="chronological-class-name">cuccumbersOptions.TestNGRunner</div> <!-- chronological-class-name -->
              <div class="configuration-class before">
                <span class="method-name">setUpClass(org.testng.TestRunner@57cf5515)</span>
                <span class="method-start">0 ms</span>
              </div> <!-- configuration-class before -->
              <div class="test-method">
                <span class="method-name">runScenario("A new user tries to register for a new account", "Account Creation and Approval")</span>
                <span class="method-start">300 ms</span>
              </div> <!-- test-method -->
              <div class="test-method">
                <img src="failed.png">
                </img>
                <span class="method-name">runScenario("admin approves a new user", "Account Creation and Approval")</span>
                <span class="method-start">8313 ms</span>
              </div> <!-- test-method -->
              <div class="test-method">
                <img src="failed.png">
                </img>
                <span class="method-name">runScenario("admin tries to sign in", "Account Creation and Approval")</span>
                <span class="method-start">15051 ms</span>
              </div> <!-- test-method -->
              <div class="test-method">
                <img src="failed.png">
                </img>
                <span class="method-name">runScenario("User tries to sign", "Account Creation and Approval")</span>
                <span class="method-start">21794 ms</span>
              </div> <!-- test-method -->
              <div class="test-method">
                <img src="failed.png">
                </img>
                <span class="method-name">runScenario("User tries to sign in with incorrect email address", "Account Creation and Approval")</span>
                <span class="method-start">28643 ms</span>
              </div> <!-- test-method -->
              <div class="test-method">
                <img src="failed.png">
                </img>
                <span class="method-name">runScenario("User tries to sign in with incorrect password", "Account Creation and Approval")</span>
                <span class="method-start">35574 ms</span>
              </div> <!-- test-method -->
              <div class="test-method">
                <img src="failed.png">
                </img>
                <span class="method-name">runScenario("User wants to encrypt an uploaded file", "Role Managment Test")</span>
                <span class="method-start">42410 ms</span>
              </div> <!-- test-method -->
              <div class="test-method">
                <img src="failed.png">
                </img>
                <span class="method-name">runScenario("User wants to decrypt an uploaded file", "Role Managment Test")</span>
                <span class="method-start">50374 ms</span>
              </div> <!-- test-method -->
              <div class="test-method">
                <img src="failed.png">
                </img>
                <span class="method-name">runScenario("Admin changes the role of a registered user", "Role Managment Test")</span>
                <span class="method-start">58139 ms</span>
              </div> <!-- test-method -->
              <div class="test-method">
                <img src="failed.png">
                </img>
                <span class="method-name">runScenario("User changes the role of another registered user", "Role Managment Test")</span>
                <span class="method-start">66038 ms</span>
              </div> <!-- test-method -->
              <div class="test-method">
                <span class="method-name">runScenario("Check that Sign Up Scenario works successfully", "Sign Up")</span>
                <span class="method-start">73362 ms</span>
              </div> <!-- test-method -->
              <div class="test-method">
                <img src="failed.png">
                </img>
                <span class="method-name">runScenario("Admin approves a new user", "Sign Up")</span>
                <span class="method-start">81725 ms</span>
              </div> <!-- test-method -->
              <div class="test-method">
                <img src="failed.png">
                </img>
                <span class="method-name">runScenario("Check that Edit Role of a user is working successfully", "Admin Panel")</span>
                <span class="method-start">90758 ms</span>
              </div> <!-- test-method -->
              <div class="configuration-class after">
                <span class="method-name">tearDownClass</span>
                <span class="method-start">101381 ms</span>
              </div> <!-- configuration-class after -->
          </div> <!-- main-panel-content rounded-window-bottom -->
        </div> <!-- panel -->
      </div> <!-- main-panel-root -->
    </div> <!-- wrapper -->
  </body>
<script type="text/javascript" src="testng-reports2.js"></script>
</html>
